#
# There is insufficient memory for the Java Runtime Environment to continue.
# Native memory allocation (mmap) failed to map 98566144 bytes for committing reserved memory.
# Possible reasons:
#   The system is out of physical RAM or swap space
#   In 32 bit mode, the process size limit was hit
# Possible solutions:
#   Reduce memory load on the system
#   Increase physical memory or swap space
#   Check if swap backing store is full
#   Use 64 bit Java on a 64 bit OS
#   Decrease Java heap size (-Xmx/-Xms)
#   Decrease number of Java threads
#   Decrease Java thread stack sizes (-Xss)
#   Set larger code cache with -XX:ReservedCodeCacheSize=
# This output file may be truncated or incomplete.
#
#  Out of Memory Error (os_linux.cpp:2627), pid=18419, tid=140161296844544
#
# JRE version: Java(TM) SE Runtime Environment (8.0_72-b15) (build 1.8.0_72-b15)
# Java VM: Java HotSpot(TM) 64-Bit Server VM (25.72-b15 mixed mode linux-amd64 compressed oops)
# Failed to write core dump. Core dumps have been disabled. To enable core dumping, try "ulimit -c unlimited" before starting Java again
#

---------------  T H R E A D  ---------------

Current thread (0x00007f79e8079000):  VMThread [stack: 0x00007f79d83f4000,0x00007f79d84f5000] [id=18428]

Stack: [0x00007f79d83f4000,0x00007f79d84f5000],  sp=0x00007f79d84f2f60,  free space=1019k
Native frames: (J=compiled Java code, j=interpreted, Vv=VM code, C=native code)
V  [libjvm.so+0xaba7ea]  VMError::report_and_die()+0x2ba
V  [libjvm.so+0x4f9e3b]  report_vm_out_of_memory(char const*, int, unsigned long, VMErrorType, char const*)+0x8b
V  [libjvm.so+0x91b613]  os::Linux::commit_memory_impl(char*, unsigned long, bool)+0x103
V  [libjvm.so+0x91bb69]  os::pd_commit_memory(char*, unsigned long, unsigned long, bool)+0x29
V  [libjvm.so+0x915e6a]  os::commit_memory(char*, unsigned long, unsigned long, bool)+0x2a
V  [libjvm.so+0x989543]  PSVirtualSpace::expand_by(unsigned long)+0x53
V  [libjvm.so+0x98a948]  PSYoungGen::resize_generation(unsigned long, unsigned long)+0xf8
V  [libjvm.so+0x989aa2]  PSYoungGen::resize(unsigned long, unsigned long)+0x22
V  [libjvm.so+0x986d7b]  PSScavenge::invoke_no_policy()+0xf3b
V  [libjvm.so+0x987501]  PSScavenge::invoke()+0x41
V  [libjvm.so+0x93f300]  ParallelScavengeHeap::failed_mem_allocate(unsigned long)+0x70
V  [libjvm.so+0xabc207]  VM_ParallelGCFailedAllocation::doit()+0x97
V  [libjvm.so+0xac3c35]  VM_Operation::evaluate()+0x55
V  [libjvm.so+0xac200a]  VMThread::evaluate_operation(VM_Operation*)+0xba
V  [libjvm.so+0xac238e]  VMThread::loop()+0x1ce
V  [libjvm.so+0xac2800]  VMThread::run()+0x70
V  [libjvm.so+0x91d9d8]  java_start(Thread*)+0x108

VM_Operation (0x00007f79f0bad1c0): ParallelGCFailedAllocation, mode: safepoint, requested by thread 0x00007f79e800b000


---------------  P R O C E S S  ---------------

Java Threads: ( => current thread )
  0x00007f79e80c9800 JavaThread "Service Thread" daemon [_thread_blocked, id=18435, stack(0x00007f79d151a000,0x00007f79d161b000)]
  0x00007f79e80be800 JavaThread "C1 CompilerThread2" daemon [_thread_blocked, id=18434, stack(0x00007f79d161b000,0x00007f79d171c000)]
  0x00007f79e80bd000 JavaThread "C2 CompilerThread1" daemon [_thread_blocked, id=18433, stack(0x00007f79d171c000,0x00007f79d181d000)]
  0x00007f79e80ba000 JavaThread "C2 CompilerThread0" daemon [_thread_blocked, id=18432, stack(0x00007f79d181d000,0x00007f79d191e000)]
  0x00007f79e80b8800 JavaThread "Signal Dispatcher" daemon [_thread_blocked, id=18431, stack(0x00007f79d80f1000,0x00007f79d81f2000)]
  0x00007f79e8085000 JavaThread "Finalizer" daemon [_thread_blocked, id=18430, stack(0x00007f79d81f2000,0x00007f79d82f3000)]
  0x00007f79e8080800 JavaThread "Reference Handler" daemon [_thread_blocked, id=18429, stack(0x00007f79d82f3000,0x00007f79d83f4000)]
  0x00007f79e800b000 JavaThread "main" [_thread_blocked, id=18423, stack(0x00007f79f0aae000,0x00007f79f0baf000)]

Other Threads:
=>0x00007f79e8079000 VMThread [stack: 0x00007f79d83f4000,0x00007f79d84f5000] [id=18428]
  0x00007f79e80cc800 WatcherThread [stack: 0x00007f79d1419000,0x00007f79d151a000] [id=18436]

VM state:at safepoint (normal execution)

VM Mutex/Monitor currently owned by a thread:  ([mutex/lock_event])
[0x00007f79e8007610] Threads_lock - owner thread: 0x00007f79e8079000
[0x00007f79e8007b10] Heap_lock - owner thread: 0x00007f79e800b000

Heap:
 PSYoungGen      total 51712K, used 3570K [0x00000000eab00000, 0x00000000ee100000, 0x0000000100000000)
  eden space 48128K, 0% used [0x00000000eab00000,0x00000000eab00000,0x00000000eda00000)
  from space 3584K, 99% used [0x00000000eda00000,0x00000000edd7c978,0x00000000edd80000)
  to   space 3584K, 0% used [0x00000000edd80000,0x00000000edd80000,0x00000000ee100000)
 ParOldGen       total 62976K, used 36972K [0x00000000c0000000, 0x00000000c3d80000, 0x00000000eab00000)
  object space 62976K, 58% used [0x00000000c0000000,0x00000000c241b000,0x00000000c3d80000)
 Metaspace       used 4715K, capacity 5464K, committed 5760K, reserved 1056768K
  class space    used 497K, capacity 528K, committed 640K, reserved 1048576K

Card table byte_map: [0x00007f79ed67a000,0x00007f79ed87b000] byte_map_base: 0x00007f79ed07a000

Marking Bits: (ParMarkBitMap*) 0x00007f79eff90100
 Begin Bits: [0x00007f79d2000000, 0x00007f79d3000000)
 End Bits:   [0x00007f79d3000000, 0x00007f79d4000000)

Polling page: 0x00007f79f0bd7000

CodeCache: size=245760Kb used=3655Kb max_used=3665Kb free=242104Kb
 bounds [0x00007f79d9000000, 0x00007f79d93a0000, 0x00007f79e8000000]
 total_blobs=1372 nmethods=1097 adapters=188
 compilation: enabled

Compilation events (10 events):
Event: 3,959 Thread 0x00007f79e80bd000 nmethod 1098 0x00007f79d9389f90 code [0x00007f79d938a0e0, 0x00007f79d938a298]
Event: 3,959 Thread 0x00007f79e80bd000 1102       4       com.android.dx.merge.DexMerger::transformMethods (126 bytes)
Event: 3,960 Thread 0x00007f79e80ba000 nmethod 1099 0x00007f79d938e790 code [0x00007f79d938e900, 0x00007f79d938ea78]
Event: 3,960 Thread 0x00007f79e80ba000 1101       4       com.android.dex.Dex$Section::readMethods (59 bytes)
Event: 3,967 Thread 0x00007f79e80be800 1107       3       com.android.dx.io.instructions.InstructionCodec$32::decode (74 bytes)
Event: 3,969 Thread 0x00007f79e80be800 nmethod 1107 0x00007f79d938ec50 code [0x00007f79d938ef20, 0x00007f79d9390a98]
Event: 3,969 Thread 0x00007f79e80be800 1108       3       com.android.dx.io.instructions.InstructionCodec$32::encode (95 bytes)
Event: 3,971 Thread 0x00007f79e80be800 nmethod 1108 0x00007f79d9391c50 code [0x00007f79d9391f00, 0x00007f79d9393b08]
Event: 3,979 Thread 0x00007f79e80ba000 nmethod 1101 0x00007f79d9396ed0 code [0x00007f79d9397080, 0x00007f79d9398018]
Event: 3,979 Thread 0x00007f79e80ba000 1103       4       com.android.dx.merge.InstructionTransformer$TypeVisitor::visit (63 bytes)

GC Heap History (9 events):
Event: 2,555 GC heap before
{Heap before GC invocations=1 (full 0):
 PSYoungGen      total 27648K, used 19446K [0x00000000eab00000, 0x00000000ec980000, 0x0000000100000000)
  eden space 24064K, 80% used [0x00000000eab00000,0x00000000ebdfda68,0x00000000ec280000)
  from space 3584K, 0% used [0x00000000ec600000,0x00000000ec600000,0x00000000ec980000)
  to   space 3584K, 0% used [0x00000000ec280000,0x00000000ec280000,0x00000000ec600000)
 ParOldGen       total 62976K, used 0K [0x00000000c0000000, 0x00000000c3d80000, 0x00000000eab00000)
  object space 62976K, 0% used [0x00000000c0000000,0x00000000c0000000,0x00000000c3d80000)
 Metaspace       used 3681K, capacity 4880K, committed 5120K, reserved 1056768K
  class space    used 395K, capacity 456K, committed 512K, reserved 1048576K
Event: 2,558 GC heap after
Heap after GC invocations=1 (full 0):
 PSYoungGen      total 27648K, used 3577K [0x00000000eab00000, 0x00000000ec980000, 0x0000000100000000)
  eden space 24064K, 0% used [0x00000000eab00000,0x00000000eab00000,0x00000000ec280000)
  from space 3584K, 99% used [0x00000000ec280000,0x00000000ec5fe620,0x00000000ec600000)
  to   space 3584K, 0% used [0x00000000ec600000,0x00000000ec600000,0x00000000ec980000)
 ParOldGen       total 62976K, used 2868K [0x00000000c0000000, 0x00000000c3d80000, 0x00000000eab00000)
  object space 62976K, 4% used [0x00000000c0000000,0x00000000c02cd288,0x00000000c3d80000)
 Metaspace       used 3681K, capacity 4880K, committed 5120K, reserved 1056768K
  class space    used 395K, capacity 456K, committed 512K, reserved 1048576K
}
Event: 2,840 GC heap before
{Heap before GC invocations=2 (full 0):
 PSYoungGen      total 27648K, used 27641K [0x00000000eab00000, 0x00000000ec980000, 0x0000000100000000)
  eden space 24064K, 100% used [0x00000000eab00000,0x00000000ec280000,0x00000000ec280000)
  from space 3584K, 99% used [0x00000000ec280000,0x00000000ec5fe620,0x00000000ec600000)
  to   space 3584K, 0% used [0x00000000ec600000,0x00000000ec600000,0x00000000ec980000)
 ParOldGen       total 62976K, used 2868K [0x00000000c0000000, 0x00000000c3d80000, 0x00000000eab00000)
  object space 62976K, 4% used [0x00000000c0000000,0x00000000c02cd288,0x00000000c3d80000)
 Metaspace       used 3865K, capacity 5008K, committed 5120K, reserved 1056768K
  class space    used 411K, capacity 456K, committed 512K, reserved 1048576K
Event: 2,853 GC heap after
Heap after GC invocations=2 (full 0):
 PSYoungGen      total 27648K, used 3562K [0x00000000eab00000, 0x00000000ee100000, 0x0000000100000000)
  eden space 24064K, 0% used [0x00000000eab00000,0x00000000eab00000,0x00000000ec280000)
  from space 3584K, 99% used [0x00000000ec600000,0x00000000ec97aa18,0x00000000ec980000)
  to   space 3584K, 0% used [0x00000000ec280000,0x00000000ec280000,0x00000000ec600000)
 ParOldGen       total 62976K, used 23630K [0x00000000c0000000, 0x00000000c3d80000, 0x00000000eab00000)
  object space 62976K, 37% used [0x00000000c0000000,0x00000000c1713820,0x00000000c3d80000)
 Metaspace       used 3865K, capacity 5008K, committed 5120K, reserved 1056768K
  class space    used 411K, capacity 456K, committed 512K, reserved 1048576K
}
Event: 3,512 GC heap before
{Heap before GC invocations=3 (full 0):
 PSYoungGen      total 27648K, used 27626K [0x00000000eab00000, 0x00000000ee100000, 0x0000000100000000)
  eden space 24064K, 100% used [0x00000000eab00000,0x00000000ec280000,0x00000000ec280000)
  from space 3584K, 99% used [0x00000000ec600000,0x00000000ec97aa18,0x00000000ec980000)
  to   space 3584K, 0% used [0x00000000ec280000,0x00000000ec280000,0x00000000ec600000)
 ParOldGen       total 62976K, used 23630K [0x00000000c0000000, 0x00000000c3d80000, 0x00000000eab00000)
  object space 62976K, 37% used [0x00000000c0000000,0x00000000c1713820,0x00000000c3d80000)
 Metaspace       used 4357K, capacity 5424K, committed 5632K, reserved 1056768K
  class space    used 460K, capacity 488K, committed 512K, reserved 1048576K
Event: 3,518 GC heap after
Heap after GC invocations=3 (full 0):
 PSYoungGen      total 27648K, used 3582K [0x00000000eab00000, 0x00000000ee100000, 0x0000000100000000)
  eden space 24064K, 0% used [0x00000000eab00000,0x00000000eab00000,0x00000000ec280000)
  from space 3584K, 99% used [0x00000000ec280000,0x00000000ec5ff8c8,0x00000000ec600000)
  to   space 3584K, 0% used [0x00000000edd80000,0x00000000edd80000,0x00000000ee100000)
 ParOldGen       total 62976K, used 24412K [0x00000000c0000000, 0x00000000c3d80000, 0x00000000eab00000)
  object space 62976K, 38% used [0x00000000c0000000,0x00000000c17d73b0,0x00000000c3d80000)
 Metaspace       used 4357K, capacity 5424K, committed 5632K, reserved 1056768K
  class space    used 460K, capacity 488K, committed 512K, reserved 1048576K
}
Event: 3,624 GC heap before
{Heap before GC invocations=4 (full 0):
 PSYoungGen      total 27648K, used 27646K [0x00000000eab00000, 0x00000000ee100000, 0x0000000100000000)
  eden space 24064K, 100% used [0x00000000eab00000,0x00000000ec280000,0x00000000ec280000)
  from space 3584K, 99% used [0x00000000ec280000,0x00000000ec5ff8c8,0x00000000ec600000)
  to   space 3584K, 0% used [0x00000000edd80000,0x00000000edd80000,0x00000000ee100000)
 ParOldGen       total 62976K, used 24412K [0x00000000c0000000, 0x00000000c3d80000, 0x00000000eab00000)
  object space 62976K, 38% used [0x00000000c0000000,0x00000000c17d73b0,0x00000000c3d80000)
 Metaspace       used 4379K, capacity 5424K, committed 5632K, reserved 1056768K
  class space    used 460K, capacity 488K, committed 512K, reserved 1048576K
Event: 3,631 GC heap after
Heap after GC invocations=4 (full 0):
 PSYoungGen      total 51712K, used 3561K [0x00000000eab00000, 0x00000000ee100000, 0x0000000100000000)
  eden space 48128K, 0% used [0x00000000eab00000,0x00000000eab00000,0x00000000eda00000)
  from space 3584K, 99% used [0x00000000edd80000,0x00000000ee0fa7c8,0x00000000ee100000)
  to   space 3584K, 0% used [0x00000000eda00000,0x00000000eda00000,0x00000000edd80000)
 ParOldGen       total 62976K, used 24452K [0x00000000c0000000, 0x00000000c3d80000, 0x00000000eab00000)
  object space 62976K, 38% used [0x00000000c0000000,0x00000000c17e13b0,0x00000000c3d80000)
 Metaspace       used 4379K, capacity 5424K, committed 5632K, reserved 1056768K
  class space    used 460K, capacity 488K, committed 512K, reserved 1048576K
}
Event: 3,983 GC heap before
{Heap before GC invocations=5 (full 0):
 PSYoungGen      total 51712K, used 51689K [0x00000000eab00000, 0x00000000ee100000, 0x0000000100000000)
  eden space 48128K, 100% used [0x00000000eab00000,0x00000000eda00000,0x00000000eda00000)
  from space 3584K, 99% used [0x00000000edd80000,0x00000000ee0fa7c8,0x00000000ee100000)
  to   space 3584K, 0% used [0x00000000eda00000,0x00000000eda00000,0x00000000edd80000)
 ParOldGen       total 62976K, used 24452K [0x00000000c0000000, 0x00000000c3d80000, 0x00000000eab00000)
  object space 62976K, 38% used [0x00000000c0000000,0x00000000c17e13b0,0x00000000c3d80000)
 Metaspace       used 4715K, capacity 5464K, committed 5760K, reserved 1056768K
  class space    used 497K, capacity 528K, committed 640K, reserved 1048576K

Deoptimization events (10 events):
Event: 3,433 Thread 0x00007f79e800b000 Uncommon trap: reason=unstable_if action=reinterpret pc=0x00007f79d921f294 method=com.android.dx.merge.IndexMap.adjustString(I)I @ 2
Event: 3,458 Thread 0x00007f79e800b000 Uncommon trap: reason=unstable_if action=reinterpret pc=0x00007f79d9206c14 method=java.util.HashMap.getNode(ILjava/lang/Object;)Ljava/util/HashMap$Node; @ 84
Event: 3,746 Thread 0x00007f79e800b000 Uncommon trap: reason=unstable_if action=reinterpret pc=0x00007f79d9161f48 method=java.lang.String.replace(CC)Ljava/lang/String; @ 2
Event: 3,747 Thread 0x00007f79e800b000 Uncommon trap: reason=unstable_if action=reinterpret pc=0x00007f79d914f548 method=java.lang.String.indexOf(II)I @ 49
Event: 3,748 Thread 0x00007f79e800b000 Uncommon trap: reason=class_check action=maybe_recompile pc=0x00007f79d9262504 method=java.util.HashMap.putVal(ILjava/lang/Object;Ljava/lang/Object;ZZ)Ljava/lang/Object; @ 56
Event: 3,748 Thread 0x00007f79e800b000 Uncommon trap: reason=class_check action=maybe_recompile pc=0x00007f79d9262504 method=java.util.HashMap.putVal(ILjava/lang/Object;Ljava/lang/Object;ZZ)Ljava/lang/Object; @ 56
Event: 3,748 Thread 0x00007f79e800b000 Uncommon trap: reason=class_check action=maybe_recompile pc=0x00007f79d9262504 method=java.util.HashMap.putVal(ILjava/lang/Object;Ljava/lang/Object;ZZ)Ljava/lang/Object; @ 56
Event: 3,748 Thread 0x00007f79e800b000 Uncommon trap: reason=class_check action=maybe_recompile pc=0x00007f79d9262570 method=java.util.HashMap.putVal(ILjava/lang/Object;Ljava/lang/Object;ZZ)Ljava/lang/Object; @ 152
Event: 3,748 Thread 0x00007f79e800b000 Uncommon trap: reason=class_check action=maybe_recompile pc=0x00007f79d9262570 method=java.util.HashMap.putVal(ILjava/lang/Object;Ljava/lang/Object;ZZ)Ljava/lang/Object; @ 152
Event: 3,833 Thread 0x00007f79e800b000 Uncommon trap: reason=unstable_if action=reinterpret pc=0x00007f79d9211030 method=com.android.dx.merge.DexMerger$IdMerger.readIntoMap(Lcom/android/dex/Dex$Section;Lcom/android/dex/TableOfContents$Section;Lcom/android/dx/merge/IndexMap;ILjava/util/TreeMap;

Internal exceptions (3 events):
Event: 0,947 Thread 0x00007f79e800b000 Exception <a 'java/lang/NoSuchMethodError': Method sun.misc.Unsafe.defineClass(Ljava/lang/String;[BII)Ljava/lang/Class; name or signature does not match> (0x00000000eab07cc0) thrown at [/HUDSON/workspace/8-2-build-linux-amd64/jdk8u72/5732/hotspot/src/shar
Event: 0,947 Thread 0x00007f79e800b000 Exception <a 'java/lang/NoSuchMethodError': Method sun.misc.Unsafe.prefetchRead(Ljava/lang/Object;J)V name or signature does not match> (0x00000000eab07fa8) thrown at [/HUDSON/workspace/8-2-build-linux-amd64/jdk8u72/5732/hotspot/src/share/vm/prims/jni.cpp
Event: 3,833 Thread 0x00007f79e800b000 Implicit null exception at 0x00007f79d920ffb2 to 0x00007f79d921100d

Events (10 events):
Event: 3,833 Thread 0x00007f79e800b000 Uncommon trap: trap_request=0xffffff65 fr.pc=0x00007f79d9211030
Event: 3,833 Thread 0x00007f79e800b000 DEOPT PACKING pc=0x00007f79d9211030 sp=0x00007f79f0bad430
Event: 3,833 Thread 0x00007f79e800b000 DEOPT UNPACKING pc=0x00007f79d9005229 sp=0x00007f79f0bad3e8 mode 2
Event: 3,836 Thread 0x00007f79e800b000 DEOPT PACKING pc=0x00007f79d9205109 sp=0x00007f79f0bad4a0
Event: 3,836 Thread 0x00007f79e800b000 DEOPT UNPACKING pc=0x00007f79d9047633 sp=0x00007f79f0bad298 mode 0
Event: 3,852 Thread 0x00007f79e800b000 DEOPT PACKING pc=0x00007f79d91d369f sp=0x00007f79f0bad360
Event: 3,852 Thread 0x00007f79e800b000 DEOPT UNPACKING pc=0x00007f79d9047633 sp=0x00007f79f0bad0b0 mode 0
Event: 3,910 loading class java/util/Collections$EmptyIterator
Event: 3,951 loading class java/util/Collections$EmptyIterator done
Event: 3,983 Executing VM operation: ParallelGCFailedAllocation


Dynamic libraries:
00400000-00401000 r-xp 00000000 08:09 3149938                            /usr/lib/jvm/java-8-oracle/bin/java
00600000-00601000 rw-p 00000000 08:09 3149938                            /usr/lib/jvm/java-8-oracle/bin/java
01cbd000-01cde000 rw-p 00000000 00:00 0                                  [heap]
c0000000-c3d80000 rw-p 00000000 00:00 0 
c3d80000-eab00000 ---p 00000000 00:00 0 
eab00000-ee100000 rw-p 00000000 00:00 0 
f3f00000-100000000 ---p 00000000 00:00 0 
100000000-1000a0000 rw-p 00000000 00:00 0 
1000a0000-140000000 ---p 00000000 00:00 0 
7f799c000000-7f799c021000 rw-p 00000000 00:00 0 
7f799c021000-7f79a0000000 ---p 00000000 00:00 0 
7f79a4000000-7f79a4351000 rw-p 00000000 00:00 0 
7f79a4351000-7f79a8000000 ---p 00000000 00:00 0 
7f79a8000000-7f79a8021000 rw-p 00000000 00:00 0 
7f79a8021000-7f79ac000000 ---p 00000000 00:00 0 
7f79ac000000-7f79ac60f000 rw-p 00000000 00:00 0 
7f79ac60f000-7f79b0000000 ---p 00000000 00:00 0 
7f79b0000000-7f79b076e000 rw-p 00000000 00:00 0 
7f79b076e000-7f79b4000000 ---p 00000000 00:00 0 
7f79b4000000-7f79b4021000 rw-p 00000000 00:00 0 
7f79b4021000-7f79b8000000 ---p 00000000 00:00 0 
7f79b8000000-7f79b8021000 rw-p 00000000 00:00 0 
7f79b8021000-7f79bc000000 ---p 00000000 00:00 0 
7f79bc000000-7f79bc28e000 rw-p 00000000 00:00 0 
7f79bc28e000-7f79c0000000 ---p 00000000 00:00 0 
7f79c0000000-7f79c0021000 rw-p 00000000 00:00 0 
7f79c0021000-7f79c4000000 ---p 00000000 00:00 0 
7f79c4000000-7f79c4021000 rw-p 00000000 00:00 0 
7f79c4021000-7f79c8000000 ---p 00000000 00:00 0 
7f79c8000000-7f79c8021000 rw-p 00000000 00:00 0 
7f79c8021000-7f79cc000000 ---p 00000000 00:00 0 
7f79cc000000-7f79cc021000 rw-p 00000000 00:00 0 
7f79cc021000-7f79d0000000 ---p 00000000 00:00 0 
7f79d1419000-7f79d141a000 ---p 00000000 00:00 0 
7f79d141a000-7f79d151a000 rw-p 00000000 00:00 0                          [stack:18436]
7f79d151a000-7f79d151d000 ---p 00000000 00:00 0 
7f79d151d000-7f79d161b000 rw-p 00000000 00:00 0                          [stack:18435]
7f79d161b000-7f79d161e000 ---p 00000000 00:00 0 
7f79d161e000-7f79d171c000 rw-p 00000000 00:00 0                          [stack:18434]
7f79d171c000-7f79d171f000 ---p 00000000 00:00 0 
7f79d171f000-7f79d181d000 rw-p 00000000 00:00 0                          [stack:18433]
7f79d181d000-7f79d1820000 ---p 00000000 00:00 0 
7f79d1820000-7f79d191e000 rw-p 00000000 00:00 0                          [stack:18432]
7f79d191e000-7f79d2000000 r--p 00000000 08:09 138089                     /usr/lib/locale/locale-archive
7f79d2000000-7f79d4000000 rw-p 00000000 00:00 0 
7f79d4000000-7f79d4021000 rw-p 00000000 00:00 0 
7f79d4021000-7f79d8000000 ---p 00000000 00:00 0 
7f79d80cb000-7f79d80f1000 r--p 00000000 08:09 1971523                    /usr/share/locale-langpack/es/LC_MESSAGES/libc.mo
7f79d80f1000-7f79d80f4000 ---p 00000000 00:00 0 
7f79d80f4000-7f79d81f2000 rw-p 00000000 00:00 0                          [stack:18431]
7f79d81f2000-7f79d81f5000 ---p 00000000 00:00 0 
7f79d81f5000-7f79d82f3000 rw-p 00000000 00:00 0                          [stack:18430]
7f79d82f3000-7f79d82f6000 ---p 00000000 00:00 0 
7f79d82f6000-7f79d83f4000 rw-p 00000000 00:00 0                          [stack:18429]
7f79d83f4000-7f79d83f5000 ---p 00000000 00:00 0 
7f79d83f5000-7f79d9000000 rw-p 00000000 00:00 0                          [stack:18428]
7f79d9000000-7f79d93a0000 rwxp 00000000 00:00 0 
7f79d93a0000-7f79e8000000 ---p 00000000 00:00 0 
7f79e8000000-7f79e83ad000 rw-p 00000000 00:00 0 
7f79e83ad000-7f79ec000000 ---p 00000000 00:00 0 
7f79ec013000-7f79ec01a000 r--s 00000000 08:09 792801                     /usr/lib/x86_64-linux-gnu/gconv/gconv-modules.cache
7f79ec01a000-7f79ec029000 r--s 000df000 08:09 5116412                    /home/pablo/android-sdk-linux/build-tools/23.0.2/lib/dx.jar
7f79ec029000-7f79ec4d2000 rw-p 00000000 00:00 0 
7f79ec4d2000-7f79ec6aa000 r--s 03d1d000 08:09 7478911                    /usr/lib/jvm/java-8-oracle/jre/lib/rt.jar
7f79ec6aa000-7f79ecc20000 rw-p 00000000 00:00 0 
7f79ecc20000-7f79ecf20000 ---p 00000000 00:00 0 
7f79ecf20000-7f79ed120000 rw-p 00000000 00:00 0 
7f79ed120000-7f79ed121000 ---p 00000000 00:00 0 
7f79ed121000-7f79ed221000 rw-p 00000000 00:00 0                          [stack:18427]
7f79ed221000-7f79ed222000 ---p 00000000 00:00 0 
7f79ed222000-7f79ed322000 rw-p 00000000 00:00 0                          [stack:18426]
7f79ed322000-7f79ed323000 ---p 00000000 00:00 0 
7f79ed323000-7f79ed423000 rw-p 00000000 00:00 0                          [stack:18425]
7f79ed423000-7f79ed424000 ---p 00000000 00:00 0 
7f79ed424000-7f79ed543000 rw-p 00000000 00:00 0                          [stack:18424]
7f79ed543000-7f79ed67a000 ---p 00000000 00:00 0 
7f79ed67a000-7f79ed699000 rw-p 00000000 00:00 0 
7f79ed699000-7f79ed7cf000 ---p 00000000 00:00 0 
7f79ed7cf000-7f79ed7eb000 rw-p 00000000 00:00 0 
7f79ed7eb000-7f79ed87a000 ---p 00000000 00:00 0 
7f79ed87a000-7f79ed88a000 rw-p 00000000 00:00 0 
7f79ed88a000-7f79edc3b000 ---p 00000000 00:00 0 
7f79edc3b000-7f79edc55000 r-xp 00000000 08:09 8668097                    /usr/lib/jvm/java-8-oracle/jre/lib/amd64/libzip.so
7f79edc55000-7f79ede55000 ---p 0001a000 08:09 8668097                    /usr/lib/jvm/java-8-oracle/jre/lib/amd64/libzip.so
7f79ede55000-7f79ede56000 rw-p 0001a000 08:09 8668097                    /usr/lib/jvm/java-8-oracle/jre/lib/amd64/libzip.so
7f79ede56000-7f79ede61000 r-xp 00000000 08:09 524307                     /lib/x86_64-linux-gnu/libnss_files-2.19.so
7f79ede61000-7f79ee060000 ---p 0000b000 08:09 524307                     /lib/x86_64-linux-gnu/libnss_files-2.19.so
7f79ee060000-7f79ee061000 r--p 0000a000 08:09 524307                     /lib/x86_64-linux-gnu/libnss_files-2.19.so
7f79ee061000-7f79ee062000 rw-p 0000b000 08:09 524307                     /lib/x86_64-linux-gnu/libnss_files-2.19.so
7f79ee062000-7f79ee06d000 r-xp 00000000 08:09 528210                     /lib/x86_64-linux-gnu/libnss_nis-2.19.so
7f79ee06d000-7f79ee26c000 ---p 0000b000 08:09 528210                     /lib/x86_64-linux-gnu/libnss_nis-2.19.so
7f79ee26c000-7f79ee26d000 r--p 0000a000 08:09 528210                     /lib/x86_64-linux-gnu/libnss_nis-2.19.so
7f79ee26d000-7f79ee26e000 rw-p 0000b000 08:09 528210                     /lib/x86_64-linux-gnu/libnss_nis-2.19.so
7f79ee26e000-7f79ee285000 r-xp 00000000 08:09 524382                     /lib/x86_64-linux-gnu/libnsl-2.19.so
7f79ee285000-7f79ee484000 ---p 00017000 08:09 524382                     /lib/x86_64-linux-gnu/libnsl-2.19.so
7f79ee484000-7f79ee485000 r--p 00016000 08:09 524382                     /lib/x86_64-linux-gnu/libnsl-2.19.so
7f79ee485000-7f79ee486000 rw-p 00017000 08:09 524382                     /lib/x86_64-linux-gnu/libnsl-2.19.so
7f79ee486000-7f79ee488000 rw-p 00000000 00:00 0 
7f79ee488000-7f79ee491000 r-xp 00000000 08:09 524381                     /lib/x86_64-linux-gnu/libnss_compat-2.19.so
7f79ee491000-7f79ee690000 ---p 00009000 08:09 524381                     /lib/x86_64-linux-gnu/libnss_compat-2.19.so
7f79ee690000-7f79ee691000 r--p 00008000 08:09 524381                     /lib/x86_64-linux-gnu/libnss_compat-2.19.so
7f79ee691000-7f79ee692000 rw-p 00009000 08:09 524381                     /lib/x86_64-linux-gnu/libnss_compat-2.19.so
7f79ee692000-7f79ee6bc000 r-xp 00000000 08:09 8668081                    /usr/lib/jvm/java-8-oracle/jre/lib/amd64/libjava.so
7f79ee6bc000-7f79ee8bc000 ---p 0002a000 08:09 8668081                    /usr/lib/jvm/java-8-oracle/jre/lib/amd64/libjava.so
7f79ee8bc000-7f79ee8be000 rw-p 0002a000 08:09 8668081                    /usr/lib/jvm/java-8-oracle/jre/lib/amd64/libjava.so
7f79ee8be000-7f79ee8cb000 r-xp 00000000 08:09 8668055                    /usr/lib/jvm/java-8-oracle/jre/lib/amd64/libverify.so
7f79ee8cb000-7f79eeacb000 ---p 0000d000 08:09 8668055                    /usr/lib/jvm/java-8-oracle/jre/lib/amd64/libverify.so
7f79eeacb000-7f79eeacd000 rw-p 0000d000 08:09 8668055                    /usr/lib/jvm/java-8-oracle/jre/lib/amd64/libverify.so
7f79eeacd000-7f79eead4000 r-xp 00000000 08:09 524390                     /lib/x86_64-linux-gnu/librt-2.19.so
7f79eead4000-7f79eecd3000 ---p 00007000 08:09 524390                     /lib/x86_64-linux-gnu/librt-2.19.so
7f79eecd3000-7f79eecd4000 r--p 00006000 08:09 524390                     /lib/x86_64-linux-gnu/librt-2.19.so
7f79eecd4000-7f79eecd5000 rw-p 00007000 08:09 524390                     /lib/x86_64-linux-gnu/librt-2.19.so
7f79eecd5000-7f79eedda000 r-xp 00000000 08:09 524303                     /lib/x86_64-linux-gnu/libm-2.19.so
7f79eedda000-7f79eefd9000 ---p 00105000 08:09 524303                     /lib/x86_64-linux-gnu/libm-2.19.so
7f79eefd9000-7f79eefda000 r--p 00104000 08:09 524303                     /lib/x86_64-linux-gnu/libm-2.19.so
7f79eefda000-7f79eefdb000 rw-p 00105000 08:09 524303                     /lib/x86_64-linux-gnu/libm-2.19.so
7f79eefdb000-7f79efc9a000 r-xp 00000000 08:09 8793200                    /usr/lib/jvm/java-8-oracle/jre/lib/amd64/server/libjvm.so
7f79efc9a000-7f79efe99000 ---p 00cbf000 08:09 8793200                    /usr/lib/jvm/java-8-oracle/jre/lib/amd64/server/libjvm.so
7f79efe99000-7f79eff72000 rw-p 00cbe000 08:09 8793200                    /usr/lib/jvm/java-8-oracle/jre/lib/amd64/server/libjvm.so
7f79eff72000-7f79effbb000 rw-p 00000000 00:00 0 
7f79effbb000-7f79f0176000 r-xp 00000000 08:09 524387                     /lib/x86_64-linux-gnu/libc-2.19.so
7f79f0176000-7f79f0375000 ---p 001bb000 08:09 524387                     /lib/x86_64-linux-gnu/libc-2.19.so
7f79f0375000-7f79f0379000 r--p 001ba000 08:09 524387                     /lib/x86_64-linux-gnu/libc-2.19.so
7f79f0379000-7f79f037b000 rw-p 001be000 08:09 524387                     /lib/x86_64-linux-gnu/libc-2.19.so
7f79f037b000-7f79f0380000 rw-p 00000000 00:00 0 
7f79f0380000-7f79f0383000 r-xp 00000000 08:09 524318                     /lib/x86_64-linux-gnu/libdl-2.19.so
7f79f0383000-7f79f0582000 ---p 00003000 08:09 524318                     /lib/x86_64-linux-gnu/libdl-2.19.so
7f79f0582000-7f79f0583000 r--p 00002000 08:09 524318                     /lib/x86_64-linux-gnu/libdl-2.19.so
7f79f0583000-7f79f0584000 rw-p 00003000 08:09 524318                     /lib/x86_64-linux-gnu/libdl-2.19.so
7f79f0584000-7f79f0599000 r-xp 00000000 08:09 7478807                    /usr/lib/jvm/java-8-oracle/lib/amd64/jli/libjli.so
7f79f0599000-7f79f0799000 ---p 00015000 08:09 7478807                    /usr/lib/jvm/java-8-oracle/lib/amd64/jli/libjli.so
7f79f0799000-7f79f079a000 rw-p 00015000 08:09 7478807                    /usr/lib/jvm/java-8-oracle/lib/amd64/jli/libjli.so
7f79f079a000-7f79f07b3000 r-xp 00000000 08:09 524388                     /lib/x86_64-linux-gnu/libpthread-2.19.so
7f79f07b3000-7f79f09b2000 ---p 00019000 08:09 524388                     /lib/x86_64-linux-gnu/libpthread-2.19.so
7f79f09b2000-7f79f09b3000 r--p 00018000 08:09 524388                     /lib/x86_64-linux-gnu/libpthread-2.19.so
7f79f09b3000-7f79f09b4000 rw-p 00019000 08:09 524388                     /lib/x86_64-linux-gnu/libpthread-2.19.so
7f79f09b4000-7f79f09b8000 rw-p 00000000 00:00 0 
7f79f09b8000-7f79f09db000 r-xp 00000000 08:09 524384                     /lib/x86_64-linux-gnu/ld-2.19.so
7f79f09dc000-7f79f0aae000 rw-p 00000000 00:00 0 
7f79f0aae000-7f79f0ab1000 ---p 00000000 00:00 0 
7f79f0ab1000-7f79f0bb3000 rw-p 00000000 00:00 0                          [stack:18423]
7f79f0bb5000-7f79f0bb6000 rw-p 00000000 00:00 0 
7f79f0bb6000-7f79f0bba000 r--s 00097000 08:09 7478890                    /usr/lib/jvm/java-8-oracle/jre/lib/jsse.jar
7f79f0bba000-7f79f0bce000 rw-p 00000000 00:00 0 
7f79f0bce000-7f79f0bd6000 rw-s 00000000 08:09 5777350                    /tmp/hsperfdata_pablo/18419
7f79f0bd6000-7f79f0bd7000 rw-p 00000000 00:00 0 
7f79f0bd7000-7f79f0bd8000 ---p 00000000 00:00 0 
7f79f0bd8000-7f79f0bda000 rw-p 00000000 00:00 0 
7f79f0bda000-7f79f0bdb000 r--p 00022000 08:09 524384                     /lib/x86_64-linux-gnu/ld-2.19.so
7f79f0bdb000-7f79f0bdc000 rw-p 00023000 08:09 524384                     /lib/x86_64-linux-gnu/ld-2.19.so
7f79f0bdc000-7f79f0bdd000 rw-p 00000000 00:00 0 
7fffaf55a000-7fffaf57c000 rw-p 00000000 00:00 0                          [stack]
7fffaf5d5000-7fffaf5d7000 r-xp 00000000 00:00 0                          [vdso]
ffffffffff600000-ffffffffff601000 r-xp 00000000 00:00 0                  [vsyscall]

VM Arguments:
jvm_args: -Djava.awt.headless=true -Xmx1024M -Dfile.encoding=UTF-8 -Duser.country=ES -Duser.language=es -Duser.variant 
java_command: com.android.dx.command.Main --dex --num-threads=4 --output /home/pablo/Escritorio/Medddddico/app/build/intermediates/transforms/dex/debug/folders/1000/1f/main /home/pablo/Escritorio/Medddddico/app/build/intermediates/pre-dexed/debug/support-annotations-23.1.1_292643cb621d2544b4c7c0b11520144951854762.jar /home/pablo/Escritorio/Medddddico/app/build/intermediates/pre-dexed/debug/com.github.scottyab-showhidepasswordedittext-0.5.1_0b51c474cc7a9f7d52bf34ced301b042bafa663e.jar /home/pablo/Escritorio/Medddddico/app/build/intermediates/pre-dexed/debug/com.github.yukuku-ambilwarna-2.0.1_dc95c62e9012cfb56b358f4e641d8b350120c9b5.jar /home/pablo/Escritorio/Medddddico/app/build/intermediates/pre-dexed/debug/jackson-annotations-2.2.2_7ccd6a9d990a89800db4480f8a145e39c4f05123.jar /home/pablo/Escritorio/Medddddico/app/build/intermediates/pre-dexed/debug/com.rarepebble-colorpicker-1.6.0_475cdc2ceda761f80976a293f0623beaa220d63a.jar /home/pablo/Escritorio/Medddddico/app/build/intermediates/pre-dexed/debug/tubesock-0.0.12_18af369f897904365ae806b626585e22e80ba823.jar /home/pablo/Escritorio/Medddddico/app/build/intermediates/pre-dexed/debug/firebase-client-android-2.5.0_ac8022ac70a235bb8b81d37c6550814437de9c21.jar /home/pablo/Escritorio/Medddddico/app/build/intermediates/pre-dexed/debug/debug_a12eec61c4544cb073f8e4914dbb515930ee4894.jar /home/pablo/Escritorio/Medddddico/app/build/intermediates/pre-dexed/debug/internal_impl-23.1.1_954fa50b8b4812f375fd984597f2f93f148f71f8.jar /home/pablo/Escritorio/Medddddico/app/build/intermediates/pre-dexed/debug/com.android.support-design-23.1.1_31826e996132559b066a2993ad2674164f4398c4.jar /home/pablo/Escritorio/Medddddico/app/build/intermediates/pre-dexed/debug/jackson-core-2.2.2_871146b852942c46d1f1955f508c6b6f7caaff7f.jar /home/pablo/Escritorio/Medddddico/app/build/intermediates/pre-dexed/debug/com.android.support-recyclerview-v7-23.1.1_bfb8554cf745c7a0d75f37475b24736471704711.jar /home/pablo/Escritorio/Medddddico/app/build/intermediate
java_class_path (initial): /home/pablo/android-sdk-linux/build-tools/23.0.2/lib/dx.jar
Launcher Type: SUN_STANDARD

Environment Variables:
PATH=/usr/local/sbin:/usr/local/bin:/usr/sbin:/usr/bin:/sbin:/bin:/usr/games:/usr/local/games
LD_LIBRARY_PATH=/home/pablo/android-studio/bin:
SHELL=/bin/bash
DISPLAY=:0.0

Signal Handlers:
SIGSEGV: [libjvm.so+0xabb070], sa_mask[0]=11111111011111111101111111111110, sa_flags=SA_RESTART|SA_SIGINFO
SIGBUS: [libjvm.so+0xabb070], sa_mask[0]=11111111011111111101111111111110, sa_flags=SA_RESTART|SA_SIGINFO
SIGFPE: [libjvm.so+0x918480], sa_mask[0]=11111111011111111101111111111110, sa_flags=SA_RESTART|SA_SIGINFO
SIGPIPE: [libjvm.so+0x918480], sa_mask[0]=11111111011111111101111111111110, sa_flags=SA_RESTART|SA_SIGINFO
SIGXFSZ: [libjvm.so+0x918480], sa_mask[0]=11111111011111111101111111111110, sa_flags=SA_RESTART|SA_SIGINFO
SIGILL: [libjvm.so+0x918480], sa_mask[0]=11111111011111111101111111111110, sa_flags=SA_RESTART|SA_SIGINFO
SIGUSR1: SIG_DFL, sa_mask[0]=00000000000000000000000000000000, sa_flags=none
SIGUSR2: [libjvm.so+0x919ab0], sa_mask[0]=00100000000000000000000000000000, sa_flags=SA_RESTART|SA_SIGINFO
SIGHUP: [libjvm.so+0x91aeb0], sa_mask[0]=11111111011111111101111111111110, sa_flags=SA_RESTART|SA_SIGINFO
SIGINT: [libjvm.so+0x91aeb0], sa_mask[0]=11111111011111111101111111111110, sa_flags=SA_RESTART|SA_SIGINFO
SIGTERM: [libjvm.so+0x91aeb0], sa_mask[0]=11111111011111111101111111111110, sa_flags=SA_RESTART|SA_SIGINFO
SIGQUIT: [libjvm.so+0x91aeb0], sa_mask[0]=11111111011111111101111111111110, sa_flags=SA_RESTART|SA_SIGINFO


---------------  S Y S T E M  ---------------

OS:DISTRIB_ID=Ubuntu
DISTRIB_RELEASE=14.04
DISTRIB_CODENAME=trusty
DISTRIB_DESCRIPTION="Ubuntu 14.04.3 LTS"

uname:Linux 3.13.0-77-generic #121-Ubuntu SMP Wed Jan 20 10:50:42 UTC 2016 x86_64
libc:glibc 2.19 NPTL 2.19 
rlimit: STACK 8192k, CORE 0k, NPROC 46425, NOFILE 4096, AS infinity
load average:2,32 1,94 1,69

/proc/meminfo:
MemTotal:        5995740 kB
MemFree:          123700 kB
Buffers:            1292 kB
Cached:           824344 kB
SwapCached:            0 kB
Active:          4155156 kB
Inactive:         785368 kB
Active(anon):    4122544 kB
Inactive(anon):   761120 kB
Active(file):      32612 kB
Inactive(file):    24248 kB
Unevictable:          64 kB
Mlocked:              64 kB
SwapTotal:             0 kB
SwapFree:              0 kB
Dirty:               732 kB
Writeback:             0 kB
AnonPages:       4115224 kB
Mapped:          1163116 kB
Shmem:            768456 kB
Slab:              92208 kB
SReclaimable:      42552 kB
SUnreclaim:        49656 kB
KernelStack:        6448 kB
PageTables:        48192 kB
NFS_Unstable:          0 kB
Bounce:                0 kB
WritebackTmp:          0 kB
CommitLimit:     2997868 kB
Committed_AS:    8914796 kB
VmallocTotal:   34359738367 kB
VmallocUsed:      408876 kB
VmallocChunk:   34359308412 kB
HardwareCorrupted:     0 kB
AnonHugePages:    761856 kB
HugePages_Total:       0
HugePages_Free:        0
HugePages_Rsvd:        0
HugePages_Surp:        0
Hugepagesize:       2048 kB
DirectMap4k:      168012 kB
DirectMap2M:     6006784 kB


CPU:total 4 (2 cores per cpu, 2 threads per core) family 6 model 58 stepping 9, cmov, cx8, fxsr, mmx, sse, sse2, sse3, ssse3, sse4.1, sse4.2, popcnt, avx, aes, clmul, erms, ht, tsc, tscinvbit, tscinv

/proc/cpuinfo:
processor	: 0
vendor_id	: GenuineIntel
cpu family	: 6
model		: 58
model name	: Intel(R) Core(TM) i7-3537U CPU @ 2.00GHz
stepping	: 9
microcode	: 0x15
cpu MHz		: 1500.000
cache size	: 4096 KB
physical id	: 0
siblings	: 4
core id		: 0
cpu cores	: 2
apicid		: 0
initial apicid	: 0
fpu		: yes
fpu_exception	: yes
cpuid level	: 13
wp		: yes
flags		: fpu vme de pse tsc msr pae mce cx8 apic sep mtrr pge mca cmov pat pse36 clflush dts acpi mmx fxsr sse sse2 ss ht tm pbe syscall nx rdtscp lm constant_tsc arch_perfmon pebs bts rep_good nopl xtopology nonstop_tsc aperfmperf eagerfpu pni pclmulqdq dtes64 monitor ds_cpl vmx est tm2 ssse3 cx16 xtpr pdcm pcid sse4_1 sse4_2 x2apic popcnt tsc_deadline_timer aes xsave avx f16c rdrand lahf_lm ida arat epb xsaveopt pln pts dtherm tpr_shadow vnmi flexpriority ept vpid fsgsbase smep erms
bogomips	: 4988.23
clflush size	: 64
cache_alignment	: 64
address sizes	: 36 bits physical, 48 bits virtual
power management:

processor	: 1
vendor_id	: GenuineIntel
cpu family	: 6
model		: 58
model name	: Intel(R) Core(TM) i7-3537U CPU @ 2.00GHz
stepping	: 9
microcode	: 0x15
cpu MHz		: 775.000
cache size	: 4096 KB
physical id	: 0
siblings	: 4
core id		: 1
cpu cores	: 2
apicid		: 2
initial apicid	: 2
fpu		: yes
fpu_exception	: yes
cpuid level	: 13
wp		: yes
flags		: fpu vme de pse tsc msr pae mce cx8 apic sep mtrr pge mca cmov pat pse36 clflush dts acpi mmx fxsr sse sse2 ss ht tm pbe syscall nx rdtscp lm constant_tsc arch_perfmon pebs bts rep_good nopl xtopology nonstop_tsc aperfmperf eagerfpu pni pclmulqdq dtes64 monitor ds_cpl vmx est tm2 ssse3 cx16 xtpr pdcm pcid sse4_1 sse4_2 x2apic popcnt tsc_deadline_timer aes xsave avx f16c rdrand lahf_lm ida arat epb xsaveopt pln pts dtherm tpr_shadow vnmi flexpriority ept vpid fsgsbase smep erms
bogomips	: 4988.23
clflush size	: 64
cache_alignment	: 64
address sizes	: 36 bits physical, 48 bits virtual
power management:

processor	: 2
vendor_id	: GenuineIntel
cpu family	: 6
model		: 58
model name	: Intel(R) Core(TM) i7-3537U CPU @ 2.00GHz
stepping	: 9
microcode	: 0x15
cpu MHz		: 775.000
cache size	: 4096 KB
physical id	: 0
siblings	: 4
core id		: 0
cpu cores	: 2
apicid		: 1
initial apicid	: 1
fpu		: yes
fpu_exception	: yes
cpuid level	: 13
wp		: yes
flags		: fpu vme de pse tsc msr pae mce cx8 apic sep mtrr pge mca cmov pat pse36 clflush dts acpi mmx fxsr sse sse2 ss ht tm pbe syscall nx rdtscp lm constant_tsc arch_perfmon pebs bts rep_good nopl xtopology nonstop_tsc aperfmperf eagerfpu pni pclmulqdq dtes64 monitor ds_cpl vmx est tm2 ssse3 cx16 xtpr pdcm pcid sse4_1 sse4_2 x2apic popcnt tsc_deadline_timer aes xsave avx f16c rdrand lahf_lm ida arat epb xsaveopt pln pts dtherm tpr_shadow vnmi flexpriority ept vpid fsgsbase smep erms
bogomips	: 4988.23
clflush size	: 64
cache_alignment	: 64
address sizes	: 36 bits physical, 48 bits virtual
power management:

processor	: 3
vendor_id	: GenuineIntel
cpu family	: 6
model		: 58
model name	: Intel(R) Core(TM) i7-3537U CPU @ 2.00GHz
stepping	: 9
microcode	: 0x15
cpu MHz		: 775.000
cache size	: 4096 KB
physical id	: 0
siblings	: 4
core id		: 1
cpu cores	: 2
apicid		: 3
initial apicid	: 3
fpu		: yes
fpu_exception	: yes
cpuid level	: 13
wp		: yes
flags		: fpu vme de pse tsc msr pae mce cx8 apic sep mtrr pge mca cmov pat pse36 clflush dts acpi mmx fxsr sse sse2 ss ht tm pbe syscall nx rdtscp lm constant_tsc arch_perfmon pebs bts rep_good nopl xtopology nonstop_tsc aperfmperf eagerfpu pni pclmulqdq dtes64 monitor ds_cpl vmx est tm2 ssse3 cx16 xtpr pdcm pcid sse4_1 sse4_2 x2apic popcnt tsc_deadline_timer aes xsave avx f16c rdrand lahf_lm ida arat epb xsaveopt pln pts dtherm tpr_shadow vnmi flexpriority ept vpid fsgsbase smep erms
bogomips	: 4988.23
clflush size	: 64
cache_alignment	: 64
address sizes	: 36 bits physical, 48 bits virtual
power management:



Memory: 4k page, physical 5995740k(123700k free), swap 0k(0k free)

vm_info: Java HotSpot(TM) 64-Bit Server VM (25.72-b15) for linux-amd64 JRE (1.8.0_72-b15), built on Dec 22 2015 22:00:07 by "java_re" with gcc 4.3.0 20080428 (Red Hat 4.3.0-8)

time: Sat Feb  6 20:07:00 2016
elapsed time: 4 seconds (0d 0h 0m 4s)

