#
# There is insufficient memory for the Java Runtime Environment to continue.
# Native memory allocation (mmap) failed to map 102760448 bytes for committing reserved memory.
# Possible reasons:
#   The system is out of physical RAM or swap space
#   In 32 bit mode, the process size limit was hit
# Possible solutions:
#   Reduce memory load on the system
#   Increase physical memory or swap space
#   Check if swap backing store is full
#   Use 64 bit Java on a 64 bit OS
#   Decrease Java heap size (-Xmx/-Xms)
#   Decrease number of Java threads
#   Decrease Java thread stack sizes (-Xss)
#   Set larger code cache with -XX:ReservedCodeCacheSize=
# This output file may be truncated or incomplete.
#
#  Out of Memory Error (os_linux.cpp:2627), pid=9029, tid=140715756939008
#
# JRE version: Java(TM) SE Runtime Environment (8.0_72-b15) (build 1.8.0_72-b15)
# Java VM: Java HotSpot(TM) 64-Bit Server VM (25.72-b15 mixed mode linux-amd64 compressed oops)
# Failed to write core dump. Core dumps have been disabled. To enable core dumping, try "ulimit -c unlimited" before starting Java again
#

---------------  T H R E A D  ---------------

Current thread (0x00007ffb08079000):  VMThread [stack: 0x00007ffaf0a4e000,0x00007ffaf0b4f000] [id=9039]

Stack: [0x00007ffaf0a4e000,0x00007ffaf0b4f000],  sp=0x00007ffaf0b4d260,  free space=1020k
Native frames: (J=compiled Java code, j=interpreted, Vv=VM code, C=native code)
V  [libjvm.so+0xaba7ea]  VMError::report_and_die()+0x2ba
V  [libjvm.so+0x4f9e3b]  report_vm_out_of_memory(char const*, int, unsigned long, VMErrorType, char const*)+0x8b
V  [libjvm.so+0x91b613]  os::Linux::commit_memory_impl(char*, unsigned long, bool)+0x103
V  [libjvm.so+0x91bb69]  os::pd_commit_memory(char*, unsigned long, unsigned long, bool)+0x29
V  [libjvm.so+0x915e6a]  os::commit_memory(char*, unsigned long, unsigned long, bool)+0x2a
V  [libjvm.so+0x989543]  PSVirtualSpace::expand_by(unsigned long)+0x53
V  [libjvm.so+0x98a948]  PSYoungGen::resize_generation(unsigned long, unsigned long)+0xf8
V  [libjvm.so+0x989aa2]  PSYoungGen::resize(unsigned long, unsigned long)+0x22
V  [libjvm.so+0x986d7b]  PSScavenge::invoke_no_policy()+0xf3b
V  [libjvm.so+0x987501]  PSScavenge::invoke()+0x41
V  [libjvm.so+0x93f300]  ParallelScavengeHeap::failed_mem_allocate(unsigned long)+0x70
V  [libjvm.so+0xabc207]  VM_ParallelGCFailedAllocation::doit()+0x97
V  [libjvm.so+0xac3c35]  VM_Operation::evaluate()+0x55
V  [libjvm.so+0xac200a]  VMThread::evaluate_operation(VM_Operation*)+0xba
V  [libjvm.so+0xac238e]  VMThread::loop()+0x1ce
V  [libjvm.so+0xac2800]  VMThread::run()+0x70
V  [libjvm.so+0x91d9d8]  java_start(Thread*)+0x108

VM_Operation (0x00007ffb0f2041c0): ParallelGCFailedAllocation, mode: safepoint, requested by thread 0x00007ffb0800b000


---------------  P R O C E S S  ---------------

Java Threads: ( => current thread )
  0x00007ffb080c1800 JavaThread "Service Thread" daemon [_thread_blocked, id=9046, stack(0x00007ffaebbfc000,0x00007ffaebcfd000)]
  0x00007ffb080be800 JavaThread "C1 CompilerThread2" daemon [_thread_blocked, id=9045, stack(0x00007ffaebcfd000,0x00007ffaebdfe000)]
  0x00007ffb080bd000 JavaThread "C2 CompilerThread1" daemon [_thread_blocked, id=9044, stack(0x00007ffaebdfe000,0x00007ffaebeff000)]
  0x00007ffb080ba000 JavaThread "C2 CompilerThread0" daemon [_thread_blocked, id=9043, stack(0x00007ffaebeff000,0x00007ffaec000000)]
  0x00007ffb080b8800 JavaThread "Signal Dispatcher" daemon [_thread_blocked, id=9042, stack(0x00007ffaf0069000,0x00007ffaf016a000)]
  0x00007ffb08085000 JavaThread "Finalizer" daemon [_thread_blocked, id=9041, stack(0x00007ffaf084c000,0x00007ffaf094d000)]
  0x00007ffb08080800 JavaThread "Reference Handler" daemon [_thread_blocked, id=9040, stack(0x00007ffaf094d000,0x00007ffaf0a4e000)]
  0x00007ffb0800b000 JavaThread "main" [_thread_blocked, id=9034, stack(0x00007ffb0f105000,0x00007ffb0f206000)]

Other Threads:
=>0x00007ffb08079000 VMThread [stack: 0x00007ffaf0a4e000,0x00007ffaf0b4f000] [id=9039]
  0x00007ffb080c4800 WatcherThread [stack: 0x00007ffaebafb000,0x00007ffaebbfc000] [id=9047]

VM state:at safepoint (normal execution)

VM Mutex/Monitor currently owned by a thread:  ([mutex/lock_event])
[0x00007ffb08007610] Threads_lock - owner thread: 0x00007ffb08079000
[0x00007ffb08007b10] Heap_lock - owner thread: 0x00007ffb0800b000

Heap:
 PSYoungGen      total 51712K, used 3557K [0x00000000eab00000, 0x00000000ee100000, 0x0000000100000000)
  eden space 48128K, 0% used [0x00000000eab00000,0x00000000eab00000,0x00000000eda00000)
  from space 3584K, 99% used [0x00000000eda00000,0x00000000edd797e8,0x00000000edd80000)
  to   space 3584K, 0% used [0x00000000edd80000,0x00000000edd80000,0x00000000ee100000)
 ParOldGen       total 62976K, used 41403K [0x00000000c0000000, 0x00000000c3d80000, 0x00000000eab00000)
  object space 62976K, 65% used [0x00000000c0000000,0x00000000c286ef38,0x00000000c3d80000)
 Metaspace       used 4709K, capacity 5464K, committed 5760K, reserved 1056768K
  class space    used 497K, capacity 528K, committed 640K, reserved 1048576K

Card table byte_map: [0x00007ffb0c091000,0x00007ffb0c292000] byte_map_base: 0x00007ffb0ba91000

Marking Bits: (ParMarkBitMap*) 0x00007ffb0e5e7100
 Begin Bits: [0x00007ffaf2000000, 0x00007ffaf3000000)
 End Bits:   [0x00007ffaf3000000, 0x00007ffaf4000000)

Polling page: 0x00007ffb0f22e000

CodeCache: size=245760Kb used=3572Kb max_used=3572Kb free=242187Kb
 bounds [0x00007ffaf9000000, 0x00007ffaf9390000, 0x00007ffb08000000]
 total_blobs=1350 nmethods=1076 adapters=188
 compilation: enabled

Compilation events (10 events):
Event: 2,248 Thread 0x00007ffb080be800 1080       3       com.android.dx.merge.SortableType$1::compare (50 bytes)
Event: 2,249 Thread 0x00007ffb080be800 nmethod 1080 0x00007ffaf936bdd0 code [0x00007ffaf936bf60, 0x00007ffaf936c530]
Event: 2,251 Thread 0x00007ffb080bd000 nmethod 1082 0x00007ffaf936a190 code [0x00007ffaf936a300, 0x00007ffaf936a5f8]
Event: 2,251 Thread 0x00007ffb080bd000 1083       4       com.android.dx.io.instructions.InstructionCodec$6::decode (40 bytes)
Event: 2,254 Thread 0x00007ffb080bd000 nmethod 1083 0x00007ffaf937aa10 code [0x00007ffaf937ab60, 0x00007ffaf937ad18]
Event: 2,254 Thread 0x00007ffb080bd000 1087       4       com.android.dx.merge.DexMerger::transformMethods (126 bytes)
Event: 2,261 Thread 0x00007ffb080be800 1093       3       com.android.dx.io.instructions.InstructionCodec$32::decode (74 bytes)
Event: 2,263 Thread 0x00007ffb080be800 nmethod 1093 0x00007ffaf937db90 code [0x00007ffaf937de60, 0x00007ffaf937f9d8]
Event: 2,263 Thread 0x00007ffb080be800 1094       3       com.android.dx.io.instructions.InstructionCodec$32::encode (95 bytes)
Event: 2,265 Thread 0x00007ffb080be800 nmethod 1094 0x00007ffaf9380b90 code [0x00007ffaf9380e40, 0x00007ffaf9382a48]

GC Heap History (9 events):
Event: 0,944 GC heap before
{Heap before GC invocations=1 (full 0):
 PSYoungGen      total 27648K, used 19456K [0x00000000eab00000, 0x00000000ec980000, 0x0000000100000000)
  eden space 24064K, 80% used [0x00000000eab00000,0x00000000ebe001a0,0x00000000ec280000)
  from space 3584K, 0% used [0x00000000ec600000,0x00000000ec600000,0x00000000ec980000)
  to   space 3584K, 0% used [0x00000000ec280000,0x00000000ec280000,0x00000000ec600000)
 ParOldGen       total 62976K, used 0K [0x00000000c0000000, 0x00000000c3d80000, 0x00000000eab00000)
  object space 62976K, 0% used [0x00000000c0000000,0x00000000c0000000,0x00000000c3d80000)
 Metaspace       used 3681K, capacity 4880K, committed 5120K, reserved 1056768K
  class space    used 395K, capacity 456K, committed 512K, reserved 1048576K
Event: 0,950 GC heap after
Heap after GC invocations=1 (full 0):
 PSYoungGen      total 27648K, used 3570K [0x00000000eab00000, 0x00000000ec980000, 0x0000000100000000)
  eden space 24064K, 0% used [0x00000000eab00000,0x00000000eab00000,0x00000000ec280000)
  from space 3584K, 99% used [0x00000000ec280000,0x00000000ec5fca30,0x00000000ec600000)
  to   space 3584K, 0% used [0x00000000ec600000,0x00000000ec600000,0x00000000ec980000)
 ParOldGen       total 62976K, used 2895K [0x00000000c0000000, 0x00000000c3d80000, 0x00000000eab00000)
  object space 62976K, 4% used [0x00000000c0000000,0x00000000c02d3f70,0x00000000c3d80000)
 Metaspace       used 3681K, capacity 4880K, committed 5120K, reserved 1056768K
  class space    used 395K, capacity 456K, committed 512K, reserved 1048576K
}
Event: 1,201 GC heap before
{Heap before GC invocations=2 (full 0):
 PSYoungGen      total 27648K, used 27634K [0x00000000eab00000, 0x00000000ec980000, 0x0000000100000000)
  eden space 24064K, 100% used [0x00000000eab00000,0x00000000ec280000,0x00000000ec280000)
  from space 3584K, 99% used [0x00000000ec280000,0x00000000ec5fca30,0x00000000ec600000)
  to   space 3584K, 0% used [0x00000000ec600000,0x00000000ec600000,0x00000000ec980000)
 ParOldGen       total 62976K, used 2895K [0x00000000c0000000, 0x00000000c3d80000, 0x00000000eab00000)
  object space 62976K, 4% used [0x00000000c0000000,0x00000000c02d3f70,0x00000000c3d80000)
 Metaspace       used 3868K, capacity 5008K, committed 5120K, reserved 1056768K
  class space    used 411K, capacity 456K, committed 512K, reserved 1048576K
Event: 1,504 GC heap after
Heap after GC invocations=2 (full 0):
 PSYoungGen      total 27648K, used 3557K [0x00000000eab00000, 0x00000000ee100000, 0x0000000100000000)
  eden space 24064K, 0% used [0x00000000eab00000,0x00000000eab00000,0x00000000ec280000)
  from space 3584K, 99% used [0x00000000ec600000,0x00000000ec979680,0x00000000ec980000)
  to   space 3584K, 0% used [0x00000000ec280000,0x00000000ec280000,0x00000000ec600000)
 ParOldGen       total 62976K, used 22858K [0x00000000c0000000, 0x00000000c3d80000, 0x00000000eab00000)
  object space 62976K, 36% used [0x00000000c0000000,0x00000000c1652b40,0x00000000c3d80000)
 Metaspace       used 3868K, capacity 5008K, committed 5120K, reserved 1056768K
  class space    used 411K, capacity 456K, committed 512K, reserved 1048576K
}
Event: 1,930 GC heap before
{Heap before GC invocations=3 (full 0):
 PSYoungGen      total 27648K, used 27621K [0x00000000eab00000, 0x00000000ee100000, 0x0000000100000000)
  eden space 24064K, 100% used [0x00000000eab00000,0x00000000ec280000,0x00000000ec280000)
  from space 3584K, 99% used [0x00000000ec600000,0x00000000ec979680,0x00000000ec980000)
  to   space 3584K, 0% used [0x00000000ec280000,0x00000000ec280000,0x00000000ec600000)
 ParOldGen       total 62976K, used 22858K [0x00000000c0000000, 0x00000000c3d80000, 0x00000000eab00000)
  object space 62976K, 36% used [0x00000000c0000000,0x00000000c1652b40,0x00000000c3d80000)
 Metaspace       used 4361K, capacity 5424K, committed 5632K, reserved 1056768K
  class space    used 460K, capacity 488K, committed 512K, reserved 1048576K
Event: 1,934 GC heap after
Heap after GC invocations=3 (full 0):
 PSYoungGen      total 27648K, used 3554K [0x00000000eab00000, 0x00000000ee100000, 0x0000000100000000)
  eden space 24064K, 0% used [0x00000000eab00000,0x00000000eab00000,0x00000000ec280000)
  from space 3584K, 99% used [0x00000000ec280000,0x00000000ec5f8918,0x00000000ec600000)
  to   space 3584K, 0% used [0x00000000edd80000,0x00000000edd80000,0x00000000ee100000)
 ParOldGen       total 62976K, used 24341K [0x00000000c0000000, 0x00000000c3d80000, 0x00000000eab00000)
  object space 62976K, 38% used [0x00000000c0000000,0x00000000c17c5578,0x00000000c3d80000)
 Metaspace       used 4361K, capacity 5424K, committed 5632K, reserved 1056768K
  class space    used 460K, capacity 488K, committed 512K, reserved 1048576K
}
Event: 2,013 GC heap before
{Heap before GC invocations=4 (full 0):
 PSYoungGen      total 27648K, used 27618K [0x00000000eab00000, 0x00000000ee100000, 0x0000000100000000)
  eden space 24064K, 100% used [0x00000000eab00000,0x00000000ec280000,0x00000000ec280000)
  from space 3584K, 99% used [0x00000000ec280000,0x00000000ec5f8918,0x00000000ec600000)
  to   space 3584K, 0% used [0x00000000edd80000,0x00000000edd80000,0x00000000ee100000)
 ParOldGen       total 62976K, used 24341K [0x00000000c0000000, 0x00000000c3d80000, 0x00000000eab00000)
  object space 62976K, 38% used [0x00000000c0000000,0x00000000c17c5578,0x00000000c3d80000)
 Metaspace       used 4380K, capacity 5424K, committed 5632K, reserved 1056768K
  class space    used 460K, capacity 488K, committed 512K, reserved 1048576K
Event: 2,016 GC heap after
Heap after GC invocations=4 (full 0):
 PSYoungGen      total 51712K, used 3581K [0x00000000eab00000, 0x00000000ee100000, 0x0000000100000000)
  eden space 48128K, 0% used [0x00000000eab00000,0x00000000eab00000,0x00000000eda00000)
  from space 3584K, 99% used [0x00000000edd80000,0x00000000ee0ff638,0x00000000ee100000)
  to   space 3584K, 0% used [0x00000000eda00000,0x00000000eda00000,0x00000000edd80000)
 ParOldGen       total 62976K, used 24852K [0x00000000c0000000, 0x00000000c3d80000, 0x00000000eab00000)
  object space 62976K, 39% used [0x00000000c0000000,0x00000000c1845288,0x00000000c3d80000)
 Metaspace       used 4380K, capacity 5424K, committed 5632K, reserved 1056768K
  class space    used 460K, capacity 488K, committed 512K, reserved 1048576K
}
Event: 2,270 GC heap before
{Heap before GC invocations=5 (full 0):
 PSYoungGen      total 51712K, used 51709K [0x00000000eab00000, 0x00000000ee100000, 0x0000000100000000)
  eden space 48128K, 100% used [0x00000000eab00000,0x00000000eda00000,0x00000000eda00000)
  from space 3584K, 99% used [0x00000000edd80000,0x00000000ee0ff638,0x00000000ee100000)
  to   space 3584K, 0% used [0x00000000eda00000,0x00000000eda00000,0x00000000edd80000)
 ParOldGen       total 62976K, used 24852K [0x00000000c0000000, 0x00000000c3d80000, 0x00000000eab00000)
  object space 62976K, 39% used [0x00000000c0000000,0x00000000c1845288,0x00000000c3d80000)
 Metaspace       used 4709K, capacity 5464K, committed 5760K, reserved 1056768K
  class space    used 497K, capacity 528K, committed 640K, reserved 1048576K

Deoptimization events (10 events):
Event: 1,564 Thread 0x00007ffb0800b000 Uncommon trap: reason=class_check action=maybe_recompile pc=0x00007ffaf91b8654 method=com.android.dex.Leb128.readUnsignedLeb128(Lcom/android/dex/util/ByteInput;)I @ 5
Event: 1,565 Thread 0x00007ffb0800b000 Uncommon trap: reason=class_check action=maybe_recompile pc=0x00007ffaf91b8654 method=com.android.dex.Leb128.readUnsignedLeb128(Lcom/android/dex/util/ByteInput;)I @ 5
Event: 1,583 Thread 0x00007ffb0800b000 Uncommon trap: reason=predicate action=maybe_recompile pc=0x00007ffaf921033c method=com.android.dex.Leb128.readUnsignedLeb128(Lcom/android/dex/util/ByteInput;)I @ 41
Event: 1,639 Thread 0x00007ffb0800b000 Uncommon trap: reason=unstable_if action=reinterpret pc=0x00007ffaf92372d0 method=com.android.dex.EncodedValueCodec.readUnsignedInt(Lcom/android/dex/util/ByteInput;IZ)I @ 3
Event: 1,816 Thread 0x00007ffb0800b000 Uncommon trap: reason=unstable_if action=reinterpret pc=0x00007ffaf9269c2c method=java.util.HashMap.getNode(ILjava/lang/Object;)Ljava/util/HashMap$Node; @ 84
Event: 1,817 Thread 0x00007ffb0800b000 Uncommon trap: reason=unstable_if action=reinterpret pc=0x00007ffaf9261904 method=java.util.HashMap.getNode(ILjava/lang/Object;)Ljava/util/HashMap$Node; @ 84
Event: 1,825 Thread 0x00007ffb0800b000 Uncommon trap: reason=unstable_if action=reinterpret pc=0x00007ffaf926d7d4 method=com.android.dx.merge.IndexMap.adjustString(I)I @ 2
Event: 2,040 Thread 0x00007ffb0800b000 Uncommon trap: reason=unstable_if action=reinterpret pc=0x00007ffaf9161e48 method=java.lang.String.replace(CC)Ljava/lang/String; @ 2
Event: 2,041 Thread 0x00007ffb0800b000 Uncommon trap: reason=unstable_if action=reinterpret pc=0x00007ffaf914fb08 method=java.lang.String.indexOf(II)I @ 49
Event: 2,164 Thread 0x00007ffb0800b000 Uncommon trap: reason=unstable_if action=reinterpret pc=0x00007ffaf936360c method=com.android.dx.merge.DexMerger$IdMerger.readIntoMap(Lcom/android/dex/Dex$Section;Lcom/android/dex/TableOfContents$Section;Lcom/android/dx/merge/IndexMap;ILjava/util/TreeMap;

Internal exceptions (3 events):
Event: 0,252 Thread 0x00007ffb0800b000 Exception <a 'java/lang/NoSuchMethodError': Method sun.misc.Unsafe.defineClass(Ljava/lang/String;[BII)Ljava/lang/Class; name or signature does not match> (0x00000000eab07cc0) thrown at [/HUDSON/workspace/8-2-build-linux-amd64/jdk8u72/5732/hotspot/src/shar
Event: 0,252 Thread 0x00007ffb0800b000 Exception <a 'java/lang/NoSuchMethodError': Method sun.misc.Unsafe.prefetchRead(Ljava/lang/Object;J)V name or signature does not match> (0x00000000eab07fa8) thrown at [/HUDSON/workspace/8-2-build-linux-amd64/jdk8u72/5732/hotspot/src/share/vm/prims/jni.cpp
Event: 2,164 Thread 0x00007ffb0800b000 Implicit null exception at 0x00007ffaf9362ed7 to 0x00007ffaf93635e9

Events (10 events):
Event: 2,123 Thread 0x00007ffb0800b000 DEOPT PACKING pc=0x00007ffaf93455f3 sp=0x00007ffb0f204380
Event: 2,123 Thread 0x00007ffb0800b000 DEOPT UNPACKING pc=0x00007ffaf9047633 sp=0x00007ffb0f2040a0 mode 0
Event: 2,124 loading class java/util/zip/Adler32
Event: 2,124 loading class java/util/zip/Adler32 done
Event: 2,164 Thread 0x00007ffb0800b000 Uncommon trap: trap_request=0xffffff65 fr.pc=0x00007ffaf936360c
Event: 2,164 Thread 0x00007ffb0800b000 DEOPT PACKING pc=0x00007ffaf936360c sp=0x00007ffb0f204440
Event: 2,164 Thread 0x00007ffb0800b000 DEOPT UNPACKING pc=0x00007ffaf9005229 sp=0x00007ffb0f2043e8 mode 2
Event: 2,224 loading class java/util/Collections$EmptyIterator
Event: 2,242 loading class java/util/Collections$EmptyIterator done
Event: 2,270 Executing VM operation: ParallelGCFailedAllocation


Dynamic libraries:
00400000-00401000 r-xp 00000000 08:09 3149938                            /usr/lib/jvm/java-8-oracle/bin/java
00600000-00601000 rw-p 00000000 08:09 3149938                            /usr/lib/jvm/java-8-oracle/bin/java
01d30000-01d51000 rw-p 00000000 00:00 0                                  [heap]
c0000000-c3d80000 rw-p 00000000 00:00 0 
c3d80000-eab00000 ---p 00000000 00:00 0 
eab00000-ee100000 rw-p 00000000 00:00 0 
f4300000-100000000 ---p 00000000 00:00 0 
100000000-1000a0000 rw-p 00000000 00:00 0 
1000a0000-140000000 ---p 00000000 00:00 0 
7ffabc000000-7ffabc021000 rw-p 00000000 00:00 0 
7ffabc021000-7ffac0000000 ---p 00000000 00:00 0 
7ffac0000000-7ffac0021000 rw-p 00000000 00:00 0 
7ffac0021000-7ffac4000000 ---p 00000000 00:00 0 
7ffac4000000-7ffac4789000 rw-p 00000000 00:00 0 
7ffac4789000-7ffac8000000 ---p 00000000 00:00 0 
7ffac8000000-7ffac825e000 rw-p 00000000 00:00 0 
7ffac825e000-7ffacc000000 ---p 00000000 00:00 0 
7ffacc000000-7ffacc021000 rw-p 00000000 00:00 0 
7ffacc021000-7ffad0000000 ---p 00000000 00:00 0 
7ffad0000000-7ffad076d000 rw-p 00000000 00:00 0 
7ffad076d000-7ffad4000000 ---p 00000000 00:00 0 
7ffad4000000-7ffad4021000 rw-p 00000000 00:00 0 
7ffad4021000-7ffad8000000 ---p 00000000 00:00 0 
7ffad8000000-7ffad8021000 rw-p 00000000 00:00 0 
7ffad8021000-7ffadc000000 ---p 00000000 00:00 0 
7ffadc000000-7ffadc021000 rw-p 00000000 00:00 0 
7ffadc021000-7ffae0000000 ---p 00000000 00:00 0 
7ffae0000000-7ffae028e000 rw-p 00000000 00:00 0 
7ffae028e000-7ffae4000000 ---p 00000000 00:00 0 
7ffae4000000-7ffae4021000 rw-p 00000000 00:00 0 
7ffae4021000-7ffae8000000 ---p 00000000 00:00 0 
7ffaebafb000-7ffaebafc000 ---p 00000000 00:00 0 
7ffaebafc000-7ffaebbfc000 rw-p 00000000 00:00 0                          [stack:9047]
7ffaebbfc000-7ffaebbff000 ---p 00000000 00:00 0 
7ffaebbff000-7ffaebcfd000 rw-p 00000000 00:00 0                          [stack:9046]
7ffaebcfd000-7ffaebd00000 ---p 00000000 00:00 0 
7ffaebd00000-7ffaebdfe000 rw-p 00000000 00:00 0                          [stack:9045]
7ffaebdfe000-7ffaebe01000 ---p 00000000 00:00 0 
7ffaebe01000-7ffaebeff000 rw-p 00000000 00:00 0                          [stack:9044]
7ffaebeff000-7ffaebf02000 ---p 00000000 00:00 0 
7ffaebf02000-7ffaec000000 rw-p 00000000 00:00 0                          [stack:9043]
7ffaec000000-7ffaec021000 rw-p 00000000 00:00 0 
7ffaec021000-7ffaf0000000 ---p 00000000 00:00 0 
7ffaf0043000-7ffaf0069000 r--p 00000000 08:09 1971523                    /usr/share/locale-langpack/es/LC_MESSAGES/libc.mo
7ffaf0069000-7ffaf006c000 ---p 00000000 00:00 0 
7ffaf006c000-7ffaf016a000 rw-p 00000000 00:00 0                          [stack:9042]
7ffaf016a000-7ffaf084c000 r--p 00000000 08:09 138089                     /usr/lib/locale/locale-archive
7ffaf084c000-7ffaf084f000 ---p 00000000 00:00 0 
7ffaf084f000-7ffaf094d000 rw-p 00000000 00:00 0                          [stack:9041]
7ffaf094d000-7ffaf0950000 ---p 00000000 00:00 0 
7ffaf0950000-7ffaf0a4e000 rw-p 00000000 00:00 0                          [stack:9040]
7ffaf0a4e000-7ffaf0a4f000 ---p 00000000 00:00 0 
7ffaf0a4f000-7ffaf1d00000 rw-p 00000000 00:00 0                          [stack:9039]
7ffaf1d00000-7ffaf2000000 ---p 00000000 00:00 0 
7ffaf2000000-7ffaf4000000 rw-p 00000000 00:00 0 
7ffaf4000000-7ffaf4021000 rw-p 00000000 00:00 0 
7ffaf4021000-7ffaf8000000 ---p 00000000 00:00 0 
7ffaf800b000-7ffaf830e000 rw-p 00000000 00:00 0 
7ffaf830e000-7ffaf84e6000 r--s 03d1d000 08:09 7478911                    /usr/lib/jvm/java-8-oracle/jre/lib/rt.jar
7ffaf84e6000-7ffaf86e6000 rw-p 00000000 00:00 0 
7ffaf86e6000-7ffaf86e7000 ---p 00000000 00:00 0 
7ffaf86e7000-7ffaf87e7000 rw-p 00000000 00:00 0                          [stack:9038]
7ffaf87e7000-7ffaf87e8000 ---p 00000000 00:00 0 
7ffaf87e8000-7ffaf88e8000 rw-p 00000000 00:00 0                          [stack:9037]
7ffaf88e8000-7ffaf88e9000 ---p 00000000 00:00 0 
7ffaf88e9000-7ffaf89e9000 rw-p 00000000 00:00 0                          [stack:9036]
7ffaf89e9000-7ffaf89ea000 ---p 00000000 00:00 0 
7ffaf89ea000-7ffaf8b09000 rw-p 00000000 00:00 0                          [stack:9035]
7ffaf8b09000-7ffaf8c40000 ---p 00000000 00:00 0 
7ffaf8c40000-7ffaf8c4f000 rw-p 00000000 00:00 0 
7ffaf8c4f000-7ffaf9000000 ---p 00000000 00:00 0 
7ffaf9000000-7ffaf9390000 rwxp 00000000 00:00 0 
7ffaf9390000-7ffb08000000 ---p 00000000 00:00 0 
7ffb08000000-7ffb08395000 rw-p 00000000 00:00 0 
7ffb08395000-7ffb0c000000 ---p 00000000 00:00 0 
7ffb0c005000-7ffb0c00c000 r--s 00000000 08:09 792801                     /usr/lib/x86_64-linux-gnu/gconv/gconv-modules.cache
7ffb0c00c000-7ffb0c01b000 r--s 000df000 08:09 5116412                    /home/pablo/android-sdk-linux/build-tools/23.0.2/lib/dx.jar
7ffb0c01b000-7ffb0c0b0000 rw-p 00000000 00:00 0 
7ffb0c0b0000-7ffb0c1e6000 ---p 00000000 00:00 0 
7ffb0c1e6000-7ffb0c202000 rw-p 00000000 00:00 0 
7ffb0c202000-7ffb0c291000 ---p 00000000 00:00 0 
7ffb0c291000-7ffb0c292000 rw-p 00000000 00:00 0 
7ffb0c292000-7ffb0c2ac000 r-xp 00000000 08:09 8668097                    /usr/lib/jvm/java-8-oracle/jre/lib/amd64/libzip.so
7ffb0c2ac000-7ffb0c4ac000 ---p 0001a000 08:09 8668097                    /usr/lib/jvm/java-8-oracle/jre/lib/amd64/libzip.so
7ffb0c4ac000-7ffb0c4ad000 rw-p 0001a000 08:09 8668097                    /usr/lib/jvm/java-8-oracle/jre/lib/amd64/libzip.so
7ffb0c4ad000-7ffb0c4b8000 r-xp 00000000 08:09 524307                     /lib/x86_64-linux-gnu/libnss_files-2.19.so
7ffb0c4b8000-7ffb0c6b7000 ---p 0000b000 08:09 524307                     /lib/x86_64-linux-gnu/libnss_files-2.19.so
7ffb0c6b7000-7ffb0c6b8000 r--p 0000a000 08:09 524307                     /lib/x86_64-linux-gnu/libnss_files-2.19.so
7ffb0c6b8000-7ffb0c6b9000 rw-p 0000b000 08:09 524307                     /lib/x86_64-linux-gnu/libnss_files-2.19.so
7ffb0c6b9000-7ffb0c6c4000 r-xp 00000000 08:09 528210                     /lib/x86_64-linux-gnu/libnss_nis-2.19.so
7ffb0c6c4000-7ffb0c8c3000 ---p 0000b000 08:09 528210                     /lib/x86_64-linux-gnu/libnss_nis-2.19.so
7ffb0c8c3000-7ffb0c8c4000 r--p 0000a000 08:09 528210                     /lib/x86_64-linux-gnu/libnss_nis-2.19.so
7ffb0c8c4000-7ffb0c8c5000 rw-p 0000b000 08:09 528210                     /lib/x86_64-linux-gnu/libnss_nis-2.19.so
7ffb0c8c5000-7ffb0c8dc000 r-xp 00000000 08:09 524382                     /lib/x86_64-linux-gnu/libnsl-2.19.so
7ffb0c8dc000-7ffb0cadb000 ---p 00017000 08:09 524382                     /lib/x86_64-linux-gnu/libnsl-2.19.so
7ffb0cadb000-7ffb0cadc000 r--p 00016000 08:09 524382                     /lib/x86_64-linux-gnu/libnsl-2.19.so
7ffb0cadc000-7ffb0cadd000 rw-p 00017000 08:09 524382                     /lib/x86_64-linux-gnu/libnsl-2.19.so
7ffb0cadd000-7ffb0cadf000 rw-p 00000000 00:00 0 
7ffb0cadf000-7ffb0cae8000 r-xp 00000000 08:09 524381                     /lib/x86_64-linux-gnu/libnss_compat-2.19.so
7ffb0cae8000-7ffb0cce7000 ---p 00009000 08:09 524381                     /lib/x86_64-linux-gnu/libnss_compat-2.19.so
7ffb0cce7000-7ffb0cce8000 r--p 00008000 08:09 524381                     /lib/x86_64-linux-gnu/libnss_compat-2.19.so
7ffb0cce8000-7ffb0cce9000 rw-p 00009000 08:09 524381                     /lib/x86_64-linux-gnu/libnss_compat-2.19.so
7ffb0cce9000-7ffb0cd13000 r-xp 00000000 08:09 8668081                    /usr/lib/jvm/java-8-oracle/jre/lib/amd64/libjava.so
7ffb0cd13000-7ffb0cf13000 ---p 0002a000 08:09 8668081                    /usr/lib/jvm/java-8-oracle/jre/lib/amd64/libjava.so
7ffb0cf13000-7ffb0cf15000 rw-p 0002a000 08:09 8668081                    /usr/lib/jvm/java-8-oracle/jre/lib/amd64/libjava.so
7ffb0cf15000-7ffb0cf22000 r-xp 00000000 08:09 8668055                    /usr/lib/jvm/java-8-oracle/jre/lib/amd64/libverify.so
7ffb0cf22000-7ffb0d122000 ---p 0000d000 08:09 8668055                    /usr/lib/jvm/java-8-oracle/jre/lib/amd64/libverify.so
7ffb0d122000-7ffb0d124000 rw-p 0000d000 08:09 8668055                    /usr/lib/jvm/java-8-oracle/jre/lib/amd64/libverify.so
7ffb0d124000-7ffb0d12b000 r-xp 00000000 08:09 524390                     /lib/x86_64-linux-gnu/librt-2.19.so
7ffb0d12b000-7ffb0d32a000 ---p 00007000 08:09 524390                     /lib/x86_64-linux-gnu/librt-2.19.so
7ffb0d32a000-7ffb0d32b000 r--p 00006000 08:09 524390                     /lib/x86_64-linux-gnu/librt-2.19.so
7ffb0d32b000-7ffb0d32c000 rw-p 00007000 08:09 524390                     /lib/x86_64-linux-gnu/librt-2.19.so
7ffb0d32c000-7ffb0d431000 r-xp 00000000 08:09 524303                     /lib/x86_64-linux-gnu/libm-2.19.so
7ffb0d431000-7ffb0d630000 ---p 00105000 08:09 524303                     /lib/x86_64-linux-gnu/libm-2.19.so
7ffb0d630000-7ffb0d631000 r--p 00104000 08:09 524303                     /lib/x86_64-linux-gnu/libm-2.19.so
7ffb0d631000-7ffb0d632000 rw-p 00105000 08:09 524303                     /lib/x86_64-linux-gnu/libm-2.19.so
7ffb0d632000-7ffb0e2f1000 r-xp 00000000 08:09 8793200                    /usr/lib/jvm/java-8-oracle/jre/lib/amd64/server/libjvm.so
7ffb0e2f1000-7ffb0e4f0000 ---p 00cbf000 08:09 8793200                    /usr/lib/jvm/java-8-oracle/jre/lib/amd64/server/libjvm.so
7ffb0e4f0000-7ffb0e5c9000 rw-p 00cbe000 08:09 8793200                    /usr/lib/jvm/java-8-oracle/jre/lib/amd64/server/libjvm.so
7ffb0e5c9000-7ffb0e612000 rw-p 00000000 00:00 0 
7ffb0e612000-7ffb0e7cd000 r-xp 00000000 08:09 524387                     /lib/x86_64-linux-gnu/libc-2.19.so
7ffb0e7cd000-7ffb0e9cc000 ---p 001bb000 08:09 524387                     /lib/x86_64-linux-gnu/libc-2.19.so
7ffb0e9cc000-7ffb0e9d0000 r--p 001ba000 08:09 524387                     /lib/x86_64-linux-gnu/libc-2.19.so
7ffb0e9d0000-7ffb0e9d2000 rw-p 001be000 08:09 524387                     /lib/x86_64-linux-gnu/libc-2.19.so
7ffb0e9d2000-7ffb0e9d7000 rw-p 00000000 00:00 0 
7ffb0e9d7000-7ffb0e9da000 r-xp 00000000 08:09 524318                     /lib/x86_64-linux-gnu/libdl-2.19.so
7ffb0e9da000-7ffb0ebd9000 ---p 00003000 08:09 524318                     /lib/x86_64-linux-gnu/libdl-2.19.so
7ffb0ebd9000-7ffb0ebda000 r--p 00002000 08:09 524318                     /lib/x86_64-linux-gnu/libdl-2.19.so
7ffb0ebda000-7ffb0ebdb000 rw-p 00003000 08:09 524318                     /lib/x86_64-linux-gnu/libdl-2.19.so
7ffb0ebdb000-7ffb0ebf0000 r-xp 00000000 08:09 7478807                    /usr/lib/jvm/java-8-oracle/lib/amd64/jli/libjli.so
7ffb0ebf0000-7ffb0edf0000 ---p 00015000 08:09 7478807                    /usr/lib/jvm/java-8-oracle/lib/amd64/jli/libjli.so
7ffb0edf0000-7ffb0edf1000 rw-p 00015000 08:09 7478807                    /usr/lib/jvm/java-8-oracle/lib/amd64/jli/libjli.so
7ffb0edf1000-7ffb0ee0a000 r-xp 00000000 08:09 524388                     /lib/x86_64-linux-gnu/libpthread-2.19.so
7ffb0ee0a000-7ffb0f009000 ---p 00019000 08:09 524388                     /lib/x86_64-linux-gnu/libpthread-2.19.so
7ffb0f009000-7ffb0f00a000 r--p 00018000 08:09 524388                     /lib/x86_64-linux-gnu/libpthread-2.19.so
7ffb0f00a000-7ffb0f00b000 rw-p 00019000 08:09 524388                     /lib/x86_64-linux-gnu/libpthread-2.19.so
7ffb0f00b000-7ffb0f00f000 rw-p 00000000 00:00 0 
7ffb0f00f000-7ffb0f032000 r-xp 00000000 08:09 524384                     /lib/x86_64-linux-gnu/ld-2.19.so
7ffb0f033000-7ffb0f105000 rw-p 00000000 00:00 0 
7ffb0f105000-7ffb0f108000 ---p 00000000 00:00 0 
7ffb0f108000-7ffb0f20a000 rw-p 00000000 00:00 0                          [stack:9034]
7ffb0f20c000-7ffb0f20d000 rw-p 00000000 00:00 0 
7ffb0f20d000-7ffb0f211000 r--s 00097000 08:09 7478890                    /usr/lib/jvm/java-8-oracle/jre/lib/jsse.jar
7ffb0f211000-7ffb0f225000 rw-p 00000000 00:00 0 
7ffb0f225000-7ffb0f22d000 rw-s 00000000 08:09 5777353                    /tmp/hsperfdata_pablo/9029
7ffb0f22d000-7ffb0f22e000 rw-p 00000000 00:00 0 
7ffb0f22e000-7ffb0f22f000 ---p 00000000 00:00 0 
7ffb0f22f000-7ffb0f231000 rw-p 00000000 00:00 0 
7ffb0f231000-7ffb0f232000 r--p 00022000 08:09 524384                     /lib/x86_64-linux-gnu/ld-2.19.so
7ffb0f232000-7ffb0f233000 rw-p 00023000 08:09 524384                     /lib/x86_64-linux-gnu/ld-2.19.so
7ffb0f233000-7ffb0f234000 rw-p 00000000 00:00 0 
7fffddb98000-7fffddbba000 rw-p 00000000 00:00 0                          [stack]
7fffddbf3000-7fffddbf5000 r-xp 00000000 00:00 0                          [vdso]
ffffffffff600000-ffffffffff601000 r-xp 00000000 00:00 0                  [vsyscall]

VM Arguments:
jvm_args: -Djava.awt.headless=true -Xmx1024M -Dfile.encoding=UTF-8 -Duser.country=ES -Duser.language=es -Duser.variant 
java_command: com.android.dx.command.Main --dex --num-threads=4 --output /home/pablo/Escritorio/Medddddico/app/build/intermediates/transforms/dex/debug/folders/1000/1f/main /home/pablo/Escritorio/Medddddico/app/build/intermediates/pre-dexed/debug/support-annotations-23.1.1_292643cb621d2544b4c7c0b11520144951854762.jar /home/pablo/Escritorio/Medddddico/app/build/intermediates/pre-dexed/debug/com.github.scottyab-showhidepasswordedittext-0.5.1_0b51c474cc7a9f7d52bf34ced301b042bafa663e.jar /home/pablo/Escritorio/Medddddico/app/build/intermediates/pre-dexed/debug/com.github.yukuku-ambilwarna-2.0.1_dc95c62e9012cfb56b358f4e641d8b350120c9b5.jar /home/pablo/Escritorio/Medddddico/app/build/intermediates/pre-dexed/debug/jackson-annotations-2.2.2_7ccd6a9d990a89800db4480f8a145e39c4f05123.jar /home/pablo/Escritorio/Medddddico/app/build/intermediates/pre-dexed/debug/com.rarepebble-colorpicker-1.6.0_475cdc2ceda761f80976a293f0623beaa220d63a.jar /home/pablo/Escritorio/Medddddico/app/build/intermediates/pre-dexed/debug/tubesock-0.0.12_18af369f897904365ae806b626585e22e80ba823.jar /home/pablo/Escritorio/Medddddico/app/build/intermediates/pre-dexed/debug/firebase-client-android-2.5.0_ac8022ac70a235bb8b81d37c6550814437de9c21.jar /home/pablo/Escritorio/Medddddico/app/build/intermediates/pre-dexed/debug/debug_a12eec61c4544cb073f8e4914dbb515930ee4894.jar /home/pablo/Escritorio/Medddddico/app/build/intermediates/pre-dexed/debug/internal_impl-23.1.1_954fa50b8b4812f375fd984597f2f93f148f71f8.jar /home/pablo/Escritorio/Medddddico/app/build/intermediates/pre-dexed/debug/com.android.support-design-23.1.1_31826e996132559b066a2993ad2674164f4398c4.jar /home/pablo/Escritorio/Medddddico/app/build/intermediates/pre-dexed/debug/jackson-core-2.2.2_871146b852942c46d1f1955f508c6b6f7caaff7f.jar /home/pablo/Escritorio/Medddddico/app/build/intermediates/pre-dexed/debug/com.android.support-recyclerview-v7-23.1.1_bfb8554cf745c7a0d75f37475b24736471704711.jar /home/pablo/Escritorio/Medddddico/app/build/intermediate
java_class_path (initial): /home/pablo/android-sdk-linux/build-tools/23.0.2/lib/dx.jar
Launcher Type: SUN_STANDARD

Environment Variables:
PATH=/usr/local/sbin:/usr/local/bin:/usr/sbin:/usr/bin:/sbin:/bin:/usr/games:/usr/local/games
LD_LIBRARY_PATH=/home/pablo/android-studio/bin:
SHELL=/bin/bash
DISPLAY=:0.0

Signal Handlers:
SIGSEGV: [libjvm.so+0xabb070], sa_mask[0]=11111111011111111101111111111110, sa_flags=SA_RESTART|SA_SIGINFO
SIGBUS: [libjvm.so+0xabb070], sa_mask[0]=11111111011111111101111111111110, sa_flags=SA_RESTART|SA_SIGINFO
SIGFPE: [libjvm.so+0x918480], sa_mask[0]=11111111011111111101111111111110, sa_flags=SA_RESTART|SA_SIGINFO
SIGPIPE: [libjvm.so+0x918480], sa_mask[0]=11111111011111111101111111111110, sa_flags=SA_RESTART|SA_SIGINFO
SIGXFSZ: [libjvm.so+0x918480], sa_mask[0]=11111111011111111101111111111110, sa_flags=SA_RESTART|SA_SIGINFO
SIGILL: [libjvm.so+0x918480], sa_mask[0]=11111111011111111101111111111110, sa_flags=SA_RESTART|SA_SIGINFO
SIGUSR1: SIG_DFL, sa_mask[0]=00000000000000000000000000000000, sa_flags=none
SIGUSR2: [libjvm.so+0x919ab0], sa_mask[0]=00100000000000000000000000000000, sa_flags=SA_RESTART|SA_SIGINFO
SIGHUP: [libjvm.so+0x91aeb0], sa_mask[0]=11111111011111111101111111111110, sa_flags=SA_RESTART|SA_SIGINFO
SIGINT: [libjvm.so+0x91aeb0], sa_mask[0]=11111111011111111101111111111110, sa_flags=SA_RESTART|SA_SIGINFO
SIGTERM: [libjvm.so+0x91aeb0], sa_mask[0]=11111111011111111101111111111110, sa_flags=SA_RESTART|SA_SIGINFO
SIGQUIT: [libjvm.so+0x91aeb0], sa_mask[0]=11111111011111111101111111111110, sa_flags=SA_RESTART|SA_SIGINFO


---------------  S Y S T E M  ---------------

OS:DISTRIB_ID=Ubuntu
DISTRIB_RELEASE=14.04
DISTRIB_CODENAME=trusty
DISTRIB_DESCRIPTION="Ubuntu 14.04.3 LTS"

uname:Linux 3.13.0-77-generic #121-Ubuntu SMP Wed Jan 20 10:50:42 UTC 2016 x86_64
libc:glibc 2.19 NPTL 2.19 
rlimit: STACK 8192k, CORE 0k, NPROC 46425, NOFILE 4096, AS infinity
load average:1,77 1,16 1,14

/proc/meminfo:
MemTotal:        5995740 kB
MemFree:          115600 kB
Buffers:            2480 kB
Cached:           788316 kB
SwapCached:            0 kB
Active:          4185404 kB
Inactive:         735964 kB
Active(anon):    4136564 kB
Inactive(anon):   716068 kB
Active(file):      48840 kB
Inactive(file):    19896 kB
Unevictable:          64 kB
Mlocked:              64 kB
SwapTotal:             0 kB
SwapFree:              0 kB
Dirty:               404 kB
Writeback:           488 kB
AnonPages:       4130808 kB
Mapped:          1050476 kB
Shmem:            721948 kB
Slab:              96560 kB
SReclaimable:      44660 kB
SUnreclaim:        51900 kB
KernelStack:        7328 kB
PageTables:        55664 kB
NFS_Unstable:          0 kB
Bounce:                0 kB
WritebackTmp:          0 kB
CommitLimit:     2997868 kB
Committed_AS:   10265668 kB
VmallocTotal:   34359738367 kB
VmallocUsed:      408844 kB
VmallocChunk:   34359308412 kB
HardwareCorrupted:     0 kB
AnonHugePages:   1304576 kB
HugePages_Total:       0
HugePages_Free:        0
HugePages_Rsvd:        0
HugePages_Surp:        0
Hugepagesize:       2048 kB
DirectMap4k:      100428 kB
DirectMap2M:     6074368 kB


CPU:total 4 (2 cores per cpu, 2 threads per core) family 6 model 58 stepping 9, cmov, cx8, fxsr, mmx, sse, sse2, sse3, ssse3, sse4.1, sse4.2, popcnt, avx, aes, clmul, erms, ht, tsc, tscinvbit, tscinv

/proc/cpuinfo:
processor	: 0
vendor_id	: GenuineIntel
cpu family	: 6
model		: 58
model name	: Intel(R) Core(TM) i7-3537U CPU @ 2.00GHz
stepping	: 9
microcode	: 0x15
cpu MHz		: 775.000
cache size	: 4096 KB
physical id	: 0
siblings	: 4
core id		: 0
cpu cores	: 2
apicid		: 0
initial apicid	: 0
fpu		: yes
fpu_exception	: yes
cpuid level	: 13
wp		: yes
flags		: fpu vme de pse tsc msr pae mce cx8 apic sep mtrr pge mca cmov pat pse36 clflush dts acpi mmx fxsr sse sse2 ss ht tm pbe syscall nx rdtscp lm constant_tsc arch_perfmon pebs bts rep_good nopl xtopology nonstop_tsc aperfmperf eagerfpu pni pclmulqdq dtes64 monitor ds_cpl vmx est tm2 ssse3 cx16 xtpr pdcm pcid sse4_1 sse4_2 x2apic popcnt tsc_deadline_timer aes xsave avx f16c rdrand lahf_lm ida arat epb xsaveopt pln pts dtherm tpr_shadow vnmi flexpriority ept vpid fsgsbase smep erms
bogomips	: 4988.51
clflush size	: 64
cache_alignment	: 64
address sizes	: 36 bits physical, 48 bits virtual
power management:

processor	: 1
vendor_id	: GenuineIntel
cpu family	: 6
model		: 58
model name	: Intel(R) Core(TM) i7-3537U CPU @ 2.00GHz
stepping	: 9
microcode	: 0x15
cpu MHz		: 2000.000
cache size	: 4096 KB
physical id	: 0
siblings	: 4
core id		: 1
cpu cores	: 2
apicid		: 2
initial apicid	: 2
fpu		: yes
fpu_exception	: yes
cpuid level	: 13
wp		: yes
flags		: fpu vme de pse tsc msr pae mce cx8 apic sep mtrr pge mca cmov pat pse36 clflush dts acpi mmx fxsr sse sse2 ss ht tm pbe syscall nx rdtscp lm constant_tsc arch_perfmon pebs bts rep_good nopl xtopology nonstop_tsc aperfmperf eagerfpu pni pclmulqdq dtes64 monitor ds_cpl vmx est tm2 ssse3 cx16 xtpr pdcm pcid sse4_1 sse4_2 x2apic popcnt tsc_deadline_timer aes xsave avx f16c rdrand lahf_lm ida arat epb xsaveopt pln pts dtherm tpr_shadow vnmi flexpriority ept vpid fsgsbase smep erms
bogomips	: 4988.51
clflush size	: 64
cache_alignment	: 64
address sizes	: 36 bits physical, 48 bits virtual
power management:

processor	: 2
vendor_id	: GenuineIntel
cpu family	: 6
model		: 58
model name	: Intel(R) Core(TM) i7-3537U CPU @ 2.00GHz
stepping	: 9
microcode	: 0x15
cpu MHz		: 2000.000
cache size	: 4096 KB
physical id	: 0
siblings	: 4
core id		: 0
cpu cores	: 2
apicid		: 1
initial apicid	: 1
fpu		: yes
fpu_exception	: yes
cpuid level	: 13
wp		: yes
flags		: fpu vme de pse tsc msr pae mce cx8 apic sep mtrr pge mca cmov pat pse36 clflush dts acpi mmx fxsr sse sse2 ss ht tm pbe syscall nx rdtscp lm constant_tsc arch_perfmon pebs bts rep_good nopl xtopology nonstop_tsc aperfmperf eagerfpu pni pclmulqdq dtes64 monitor ds_cpl vmx est tm2 ssse3 cx16 xtpr pdcm pcid sse4_1 sse4_2 x2apic popcnt tsc_deadline_timer aes xsave avx f16c rdrand lahf_lm ida arat epb xsaveopt pln pts dtherm tpr_shadow vnmi flexpriority ept vpid fsgsbase smep erms
bogomips	: 4988.51
clflush size	: 64
cache_alignment	: 64
address sizes	: 36 bits physical, 48 bits virtual
power management:

processor	: 3
vendor_id	: GenuineIntel
cpu family	: 6
model		: 58
model name	: Intel(R) Core(TM) i7-3537U CPU @ 2.00GHz
stepping	: 9
microcode	: 0x15
cpu MHz		: 775.000
cache size	: 4096 KB
physical id	: 0
siblings	: 4
core id		: 1
cpu cores	: 2
apicid		: 3
initial apicid	: 3
fpu		: yes
fpu_exception	: yes
cpuid level	: 13
wp		: yes
flags		: fpu vme de pse tsc msr pae mce cx8 apic sep mtrr pge mca cmov pat pse36 clflush dts acpi mmx fxsr sse sse2 ss ht tm pbe syscall nx rdtscp lm constant_tsc arch_perfmon pebs bts rep_good nopl xtopology nonstop_tsc aperfmperf eagerfpu pni pclmulqdq dtes64 monitor ds_cpl vmx est tm2 ssse3 cx16 xtpr pdcm pcid sse4_1 sse4_2 x2apic popcnt tsc_deadline_timer aes xsave avx f16c rdrand lahf_lm ida arat epb xsaveopt pln pts dtherm tpr_shadow vnmi flexpriority ept vpid fsgsbase smep erms
bogomips	: 4988.51
clflush size	: 64
cache_alignment	: 64
address sizes	: 36 bits physical, 48 bits virtual
power management:



Memory: 4k page, physical 5995740k(115600k free), swap 0k(0k free)

vm_info: Java HotSpot(TM) 64-Bit Server VM (25.72-b15) for linux-amd64 JRE (1.8.0_72-b15), built on Dec 22 2015 22:00:07 by "java_re" with gcc 4.3.0 20080428 (Red Hat 4.3.0-8)

time: Sun Feb  7 12:30:46 2016
elapsed time: 3 seconds (0d 0h 0m 3s)

